Using pre-set license
Built from '2020.2/china_unity/release' branch; Version is '2020.2.6f1c1 (88e64323f9a5) revision 8971843'; Using compiler version '192528614'; Build Type 'Release'
OS: 'Windows 10 Pro; OS build 19044.1889; Version 2009; 64bit' Language: 'zh' Physical Memory: 16251 MB
BatchMode: 1, IsHumanControllingUs: 0, StartBugReporterOnCrash: 0, Is64bit: 1, IsPro: 0

 COMMAND LINE ARGUMENTS:
C:\Program Files\Unity\Editor\Unity.exe
-adb2
-batchMode
-noUpm
-name
AssetImportWorker0
-projectPath
C:/Users/23523/Desktop/work/QFrameworkSiki
-logFile
Logs/AssetImportWorker0.log
-srvPort
65323
Successfully changed project path to: C:/Users/23523/Desktop/work/QFrameworkSiki
C:/Users/23523/Desktop/work/QFrameworkSiki
Using Asset Import Pipeline V2.
Refreshing native plugins compatible for Editor in 28.42 ms, found 0 plugins.
Preloading 0 native plugins for Editor in 0.00 ms.
Initialize engine version: 2020.2.6f1c1 (88e64323f9a5)
[Subsystems] Discovering subsystems at path C:/Program Files/Unity/Editor/Data/Resources/UnitySubsystems
[Subsystems] Discovering subsystems at path C:/Users/23523/Desktop/work/QFrameworkSiki/Assets
GfxDevice: creating device client; threaded=0
Direct3D:
    Version:  Direct3D 11.0 [level 11.1]
    Renderer: NVIDIA GeForce GTX 1660 (ID=0x2184)
    Vendor:   
    VRAM:     5992 MB
    Driver:   30.0.15.1277
Initialize mono
Mono path[0] = 'C:/Program Files/Unity/Editor/Data/Managed'
Mono path[1] = 'C:/Program Files/Unity/Editor/Data/MonoBleedingEdge/lib/mono/unityjit'
Mono config path = 'C:/Program Files/Unity/Editor/Data/MonoBleedingEdge/etc'
Using monoOptions --debugger-agent=transport=dt_socket,embedding=1,server=y,suspend=n,address=127.0.0.1:56728
Begin MonoManager ReloadAssembly
Registering precompiled unity dll's ...
Register platform support module: C:/Program Files/Unity/Editor/Data/PlaybackEngines/WindowsStandaloneSupport/UnityEditor.WindowsStandalone.Extensions.dll
Registered in 0.001228 seconds.
Native extension for WindowsStandalone target not found
Refreshing native plugins compatible for Editor in 29.36 ms, found 0 plugins.
Preloading 0 native plugins for Editor in 0.00 ms.
Invoked RoslynAnalysisRunner static constructor.
RoslynAnalysisRunner will not be running.
RoslynAnalysisRunner has terminated.
Mono: successfully reloaded assembly
- Completed reload, in  0.505 seconds
Platform modules already initialized, skipping
Registering precompiled user dll's ...
Registered in 0.000707 seconds.
Begin MonoManager ReloadAssembly
Native extension for WindowsStandalone target not found
Refreshing native plugins compatible for Editor in 26.19 ms, found 0 plugins.
Preloading 0 native plugins for Editor in 0.00 ms.
Invoked RoslynAnalysisRunner static constructor.
RoslynAnalysisRunner will not be running.
RoslynAnalysisRunner has terminated.
Mono: successfully reloaded assembly
- Completed reload, in  0.532 seconds
Platform modules already initialized, skipping
========================================================================
Worker process is ready to serve import requests
Launched and connected shader compiler UnityShaderCompiler.exe after 0.02 seconds
Refreshing native plugins compatible for Editor in 0.22 ms, found 0 plugins.
Preloading 0 native plugins for Editor in 0.00 ms.
Unloading 1708 Unused Serialized files (Serialized files now loaded: 0)
System memory in use before: 73.1 MB.
System memory in use after: 73.2 MB.

Unloading 10 unused Assets to reduce memory usage. Loaded Objects now: 2150.
Total: 1.596800 ms (FindLiveObjects: 0.201100 ms CreateObjectMapping: 0.075200 ms MarkObjects: 1.279000 ms  DeleteObjects: 0.040800 ms)

========================================================================
Received Import Request.
  path: Assets/ToDoList/UIPrefab/UITodoList.prefab
  artifactKey: Guid(20d1d82172994ba4ebe0fd38f48715eb) Importer(815301076,1909f56bfc062723c751e8b465ee728b)
Start importing Assets/ToDoList/UIPrefab/UITodoList.prefab using Guid(20d1d82172994ba4ebe0fd38f48715eb) Importer(815301076,1909f56bfc062723c751e8b465ee728b)  -> (artifact id: '21640054415c8423acb750721d18459a') in 0.043937 seconds
  Import took 0.047092 seconds .

========================================================================
Received Prepare
Registering precompiled user dll's ...
Registered in 0.000615 seconds.
Begin MonoManager ReloadAssembly
Native extension for WindowsStandalone target not found
Refreshing native plugins compatible for Editor in 0.21 ms, found 0 plugins.
Preloading 0 native plugins for Editor in 0.00 ms.
Invoked RoslynAnalysisRunner static constructor.
RoslynAnalysisRunner will not be running.
RoslynAnalysisRunner has terminated.
Mono: successfully reloaded assembly
- Completed reload, in  0.486 seconds
Platform modules already initialized, skipping
Refreshing native plugins compatible for Editor in 0.21 ms, found 0 plugins.
Preloading 0 native plugins for Editor in 0.00 ms.
Unloading 1704 Unused Serialized files (Serialized files now loaded: 0)
System memory in use before: 73.1 MB.
System memory in use after: 73.2 MB.

Unloading 9 unused Assets to reduce memory usage. Loaded Objects now: 2156.
Total: 1.347700 ms (FindLiveObjects: 0.100600 ms CreateObjectMapping: 0.038900 ms MarkObjects: 1.189200 ms  DeleteObjects: 0.018300 ms)

========================================================================
Received Import Request.
  Time since last request: 28.178507 seconds.
  path: Assets/ToDoList/UIPrefab/UITodoList.prefab
  artifactKey: Guid(20d1d82172994ba4ebe0fd38f48715eb) Importer(815301076,1909f56bfc062723c751e8b465ee728b)
Start importing Assets/ToDoList/UIPrefab/UITodoList.prefab using Guid(20d1d82172994ba4ebe0fd38f48715eb) Importer(815301076,1909f56bfc062723c751e8b465ee728b)  -> (artifact id: 'fb355f9d9f3e849643d95cb659fb2a82') in 0.032990 seconds
  Import took 0.035589 seconds .

========================================================================
Received Import Request.
  Time since last request: 0.028879 seconds.
  path: Assets/ToDoList/UIPrefab/UITodoList.prefab
  artifactKey: Guid(20d1d82172994ba4ebe0fd38f48715eb) Importer(815301076,1909f56bfc062723c751e8b465ee728b)
Start importing Assets/ToDoList/UIPrefab/UITodoList.prefab using Guid(20d1d82172994ba4ebe0fd38f48715eb) Importer(815301076,1909f56bfc062723c751e8b465ee728b)  -> (artifact id: 'fb355f9d9f3e849643d95cb659fb2a82') in 0.002912 seconds
  Import took 0.005018 seconds .

========================================================================
Received Prepare
Registering precompiled user dll's ...
Registered in 0.000758 seconds.
Begin MonoManager ReloadAssembly
Native extension for WindowsStandalone target not found
Refreshing native plugins compatible for Editor in 0.21 ms, found 0 plugins.
Preloading 0 native plugins for Editor in 0.00 ms.
Invoked RoslynAnalysisRunner static constructor.
RoslynAnalysisRunner will not be running.
RoslynAnalysisRunner has terminated.
Mono: successfully reloaded assembly
- Completed reload, in  0.494 seconds
Platform modules already initialized, skipping
Refreshing native plugins compatible for Editor in 0.22 ms, found 0 plugins.
Preloading 0 native plugins for Editor in 0.00 ms.
Unloading 1704 Unused Serialized files (Serialized files now loaded: 0)
System memory in use before: 73.2 MB.
System memory in use after: 73.3 MB.

Unloading 9 unused Assets to reduce memory usage. Loaded Objects now: 2158.
Total: 1.156100 ms (FindLiveObjects: 0.122000 ms CreateObjectMapping: 0.032600 ms MarkObjects: 0.979000 ms  DeleteObjects: 0.021400 ms)

========================================================================
Received Prepare
Registering precompiled user dll's ...
Registered in 0.000828 seconds.
Begin MonoManager ReloadAssembly
Native extension for WindowsStandalone target not found
Refreshing native plugins compatible for Editor in 0.29 ms, found 0 plugins.
Preloading 0 native plugins for Editor in 0.00 ms.
Invoked RoslynAnalysisRunner static constructor.
RoslynAnalysisRunner will not be running.
RoslynAnalysisRunner has terminated.
Mono: successfully reloaded assembly
- Completed reload, in  0.505 seconds
Platform modules already initialized, skipping
Refreshing native plugins compatible for Editor in 0.21 ms, found 0 plugins.
Preloading 0 native plugins for Editor in 0.00 ms.
Unloading 1704 Unused Serialized files (Serialized files now loaded: 0)
System memory in use before: 73.2 MB.
System memory in use after: 73.3 MB.

Unloading 5 unused Assets to reduce memory usage. Loaded Objects now: 2160.
Total: 1.240400 ms (FindLiveObjects: 0.124600 ms CreateObjectMapping: 0.036100 ms MarkObjects: 1.067000 ms  DeleteObjects: 0.012000 ms)

========================================================================
Received Prepare
Registering precompiled user dll's ...
Registered in 0.000685 seconds.
Begin MonoManager ReloadAssembly
Native extension for WindowsStandalone target not found
Refreshing native plugins compatible for Editor in 0.21 ms, found 0 plugins.
Preloading 0 native plugins for Editor in 0.00 ms.
Invoked RoslynAnalysisRunner static constructor.
RoslynAnalysisRunner will not be running.
RoslynAnalysisRunner has terminated.
Mono: successfully reloaded assembly
- Completed reload, in  0.511 seconds
Platform modules already initialized, skipping
Refreshing native plugins compatible for Editor in 0.24 ms, found 0 plugins.
Preloading 0 native plugins for Editor in 0.00 ms.
Unloading 1704 Unused Serialized files (Serialized files now loaded: 0)
System memory in use before: 73.2 MB.
System memory in use after: 73.3 MB.

Unloading 5 unused Assets to reduce memory usage. Loaded Objects now: 2162.
Total: 1.473900 ms (FindLiveObjects: 0.129500 ms CreateObjectMapping: 0.035500 ms MarkObjects: 1.295100 ms  DeleteObjects: 0.013000 ms)

========================================================================
Received Prepare
Registering precompiled user dll's ...
Registered in 0.000769 seconds.
Begin MonoManager ReloadAssembly
Native extension for WindowsStandalone target not found
Refreshing native plugins compatible for Editor in 0.21 ms, found 0 plugins.
Preloading 0 native plugins for Editor in 0.00 ms.
Invoked RoslynAnalysisRunner static constructor.
RoslynAnalysisRunner will not be running.
RoslynAnalysisRunner has terminated.
Mono: successfully reloaded assembly
- Completed reload, in  0.499 seconds
Platform modules already initialized, skipping
Refreshing native plugins compatible for Editor in 0.25 ms, found 0 plugins.
Preloading 0 native plugins for Editor in 0.00 ms.
Unloading 1704 Unused Serialized files (Serialized files now loaded: 0)
System memory in use before: 73.2 MB.
System memory in use after: 73.3 MB.

Unloading 5 unused Assets to reduce memory usage. Loaded Objects now: 2164.
Total: 1.403700 ms (FindLiveObjects: 0.127200 ms CreateObjectMapping: 0.033600 ms MarkObjects: 1.218500 ms  DeleteObjects: 0.023900 ms)

========================================================================
Received Import Request.
  Time since last request: 688.784045 seconds.
  path: Assets/ToDoList/UIPrefab/UITodoList.prefab
  artifactKey: Guid(20d1d82172994ba4ebe0fd38f48715eb) Importer(815301076,1909f56bfc062723c751e8b465ee728b)
Start importing Assets/ToDoList/UIPrefab/UITodoList.prefab using Guid(20d1d82172994ba4ebe0fd38f48715eb) Importer(815301076,1909f56bfc062723c751e8b465ee728b)  -> (artifact id: '5eb97aec63f1501613080546d967f5f1') in 0.027904 seconds
  Import took 0.029996 seconds .

========================================================================
Received Import Request.
  Time since last request: 12.620606 seconds.
  path: Assets/ToDoList/Scripts/UI/UITodoList/UITodoItem.Designer.cs
  artifactKey: Guid(0ec8ef38f25b6a749b8bb641f6aeb68f) Importer(815301076,1909f56bfc062723c751e8b465ee728b)
Start importing Assets/ToDoList/Scripts/UI/UITodoList/UITodoItem.Designer.cs using Guid(0ec8ef38f25b6a749b8bb641f6aeb68f) Importer(815301076,1909f56bfc062723c751e8b465ee728b)  -> (artifact id: '63027acfe7760df6fa1d98064cc9e542') in 0.005967 seconds
  Import took 0.008527 seconds .

========================================================================
Received Import Request.
  Time since last request: 60.490492 seconds.
  path: Assets/ToDoList/Scripts/UI/UITodoList/UITodoItem.cs
  artifactKey: Guid(066b8e92474b8c84d857e01759d86873) Importer(815301076,1909f56bfc062723c751e8b465ee728b)
Start importing Assets/ToDoList/Scripts/UI/UITodoList/UITodoItem.cs using Guid(066b8e92474b8c84d857e01759d86873) Importer(815301076,1909f56bfc062723c751e8b465ee728b)  -> (artifact id: '6fcb31397b96afcbfc338997abf020cf') in 0.004639 seconds
  Import took 0.007030 seconds .

========================================================================
Received Import Request.
  Time since last request: 0.000830 seconds.
  path: Assets/ToDoList/Scripts/UI/UITodoList/UITodoItem.cs
  artifactKey: Guid(066b8e92474b8c84d857e01759d86873) Importer(815301076,1909f56bfc062723c751e8b465ee728b)
Start importing Assets/ToDoList/Scripts/UI/UITodoList/UITodoItem.cs using Guid(066b8e92474b8c84d857e01759d86873) Importer(815301076,1909f56bfc062723c751e8b465ee728b)  -> (artifact id: '6fcb31397b96afcbfc338997abf020cf') in 0.001944 seconds
  Import took 0.004056 seconds .

========================================================================
Received Prepare
Registering precompiled user dll's ...
Registered in 0.000691 seconds.
Begin MonoManager ReloadAssembly
Native extension for WindowsStandalone target not found
Refreshing native plugins compatible for Editor in 0.21 ms, found 0 plugins.
Preloading 0 native plugins for Editor in 0.00 ms.
Invoked RoslynAnalysisRunner static constructor.
RoslynAnalysisRunner will not be running.
RoslynAnalysisRunner has terminated.
Mono: successfully reloaded assembly
- Completed reload, in  0.518 seconds
Platform modules already initialized, skipping
Refreshing native plugins compatible for Editor in 0.22 ms, found 0 plugins.
Preloading 0 native plugins for Editor in 0.00 ms.
Unloading 1704 Unused Serialized files (Serialized files now loaded: 0)
System memory in use before: 73.2 MB.
System memory in use after: 73.3 MB.

Unloading 9 unused Assets to reduce memory usage. Loaded Objects now: 2166.
Total: 1.225300 ms (FindLiveObjects: 0.127000 ms CreateObjectMapping: 0.031100 ms MarkObjects: 1.046900 ms  DeleteObjects: 0.019500 ms)

========================================================================
Received Import Request.
  Time since last request: 47.575616 seconds.
  path: Assets/ToDoList/Scripts/UI/UITodoList/UITodoItem.Designer.cs
  artifactKey: Guid(0ec8ef38f25b6a749b8bb641f6aeb68f) Importer(815301076,1909f56bfc062723c751e8b465ee728b)
Start importing Assets/ToDoList/Scripts/UI/UITodoList/UITodoItem.Designer.cs using Guid(0ec8ef38f25b6a749b8bb641f6aeb68f) Importer(815301076,1909f56bfc062723c751e8b465ee728b)  -> (artifact id: '89faa012329a2371363ea81d52addb15') in 0.003215 seconds
  Import took 0.005243 seconds .

========================================================================
Received Prepare
Registering precompiled user dll's ...
Registered in 0.000626 seconds.
Begin MonoManager ReloadAssembly
Native extension for WindowsStandalone target not found
Refreshing native plugins compatible for Editor in 0.21 ms, found 0 plugins.
Preloading 0 native plugins for Editor in 0.00 ms.
Invoked RoslynAnalysisRunner static constructor.
RoslynAnalysisRunner will not be running.
RoslynAnalysisRunner has terminated.
Mono: successfully reloaded assembly
- Completed reload, in  0.457 seconds
Platform modules already initialized, skipping
Refreshing native plugins compatible for Editor in 0.21 ms, found 0 plugins.
Preloading 0 native plugins for Editor in 0.00 ms.
Unloading 1704 Unused Serialized files (Serialized files now loaded: 0)
System memory in use before: 73.2 MB.
System memory in use after: 73.3 MB.

Unloading 5 unused Assets to reduce memory usage. Loaded Objects now: 2168.
Total: 1.860200 ms (FindLiveObjects: 0.150200 ms CreateObjectMapping: 0.061200 ms MarkObjects: 1.630800 ms  DeleteObjects: 0.017100 ms)

========================================================================
Received Import Request.
  Time since last request: 29.842972 seconds.
  path: Assets/ToDoList/UIPrefab/UITodoList.prefab
  artifactKey: Guid(20d1d82172994ba4ebe0fd38f48715eb) Importer(815301076,1909f56bfc062723c751e8b465ee728b)
Start importing Assets/ToDoList/UIPrefab/UITodoList.prefab using Guid(20d1d82172994ba4ebe0fd38f48715eb) Importer(815301076,1909f56bfc062723c751e8b465ee728b)  -> (artifact id: '1fe2b64c3123615356c80b25d2c4916c') in 0.028233 seconds
  Import took 0.030391 seconds .

========================================================================
Received Import Request.
  Time since last request: 0.006522 seconds.
  path: Assets/ToDoList/UIPrefab/UITodoList.prefab
  artifactKey: Guid(20d1d82172994ba4ebe0fd38f48715eb) Importer(815301076,1909f56bfc062723c751e8b465ee728b)
Start importing Assets/ToDoList/UIPrefab/UITodoList.prefab using Guid(20d1d82172994ba4ebe0fd38f48715eb) Importer(815301076,1909f56bfc062723c751e8b465ee728b)  -> (artifact id: '1fe2b64c3123615356c80b25d2c4916c') in 0.002626 seconds
  Import took 0.004452 seconds .

========================================================================
Received Import Request.
  Time since last request: 1.942265 seconds.
  path: Assets/ToDoList/Scripts/UI/UITodoList/UITodoItem.Designer.cs
  artifactKey: Guid(0ec8ef38f25b6a749b8bb641f6aeb68f) Importer(815301076,1909f56bfc062723c751e8b465ee728b)
Start importing Assets/ToDoList/Scripts/UI/UITodoList/UITodoItem.Designer.cs using Guid(0ec8ef38f25b6a749b8bb641f6aeb68f) Importer(815301076,1909f56bfc062723c751e8b465ee728b)  -> (artifact id: 'af6c4849a9f1ff39a602336238951465') in 0.001625 seconds
  Import took 0.003776 seconds .

========================================================================
Received Prepare
Registering precompiled user dll's ...
Registered in 0.000723 seconds.
Begin MonoManager ReloadAssembly
Native extension for WindowsStandalone target not found
Refreshing native plugins compatible for Editor in 0.22 ms, found 0 plugins.
Preloading 0 native plugins for Editor in 0.00 ms.
Invoked RoslynAnalysisRunner static constructor.
RoslynAnalysisRunner will not be running.
RoslynAnalysisRunner has terminated.
Mono: successfully reloaded assembly
- Completed reload, in  0.498 seconds
Platform modules already initialized, skipping
Refreshing native plugins compatible for Editor in 0.21 ms, found 0 plugins.
Preloading 0 native plugins for Editor in 0.00 ms.
Unloading 1704 Unused Serialized files (Serialized files now loaded: 0)
System memory in use before: 73.2 MB.
System memory in use after: 73.3 MB.

Unloading 9 unused Assets to reduce memory usage. Loaded Objects now: 2170.
Total: 1.488900 ms (FindLiveObjects: 0.117500 ms CreateObjectMapping: 0.041600 ms MarkObjects: 1.304800 ms  DeleteObjects: 0.024500 ms)

========================================================================
Received Import Request.
  Time since last request: 771.646395 seconds.
  path: Assets/ToDoList/Scripts/UI/UITodoList/UITodoItem.Designer.cs
  artifactKey: Guid(0ec8ef38f25b6a749b8bb641f6aeb68f) Importer(815301076,1909f56bfc062723c751e8b465ee728b)
Start importing Assets/ToDoList/Scripts/UI/UITodoList/UITodoItem.Designer.cs using Guid(0ec8ef38f25b6a749b8bb641f6aeb68f) Importer(815301076,1909f56bfc062723c751e8b465ee728b)  -> (artifact id: '5d4550beefe8170c46485a268926c1f9') in 0.004685 seconds
  Import took 0.008127 seconds .

========================================================================
Received Prepare
Registering precompiled user dll's ...
Registered in 0.000746 seconds.
Begin MonoManager ReloadAssembly
Native extension for WindowsStandalone target not found
Refreshing native plugins compatible for Editor in 0.21 ms, found 0 plugins.
Preloading 0 native plugins for Editor in 0.00 ms.
Invoked RoslynAnalysisRunner static constructor.
RoslynAnalysisRunner will not be running.
RoslynAnalysisRunner has terminated.
Mono: successfully reloaded assembly
- Completed reload, in  0.481 seconds
Platform modules already initialized, skipping
Refreshing native plugins compatible for Editor in 0.21 ms, found 0 plugins.
Preloading 0 native plugins for Editor in 0.00 ms.
Unloading 1704 Unused Serialized files (Serialized files now loaded: 0)
System memory in use before: 73.2 MB.
System memory in use after: 73.3 MB.

Unloading 5 unused Assets to reduce memory usage. Loaded Objects now: 2172.
Total: 1.493400 ms (FindLiveObjects: 0.149000 ms CreateObjectMapping: 0.045800 ms MarkObjects: 1.286700 ms  DeleteObjects: 0.011200 ms)

========================================================================
Received Prepare
Registering precompiled user dll's ...
Registered in 0.000648 seconds.
Begin MonoManager ReloadAssembly
Native extension for WindowsStandalone target not found
Refreshing native plugins compatible for Editor in 0.21 ms, found 0 plugins.
Preloading 0 native plugins for Editor in 0.00 ms.
Invoked RoslynAnalysisRunner static constructor.
RoslynAnalysisRunner will not be running.
RoslynAnalysisRunner has terminated.
Mono: successfully reloaded assembly
- Completed reload, in  0.470 seconds
Platform modules already initialized, skipping
Refreshing native plugins compatible for Editor in 0.21 ms, found 0 plugins.
Preloading 0 native plugins for Editor in 0.00 ms.
Unloading 1704 Unused Serialized files (Serialized files now loaded: 0)
System memory in use before: 73.2 MB.
System memory in use after: 73.3 MB.

Unloading 5 unused Assets to reduce memory usage. Loaded Objects now: 2174.
Total: 1.287600 ms (FindLiveObjects: 0.111400 ms CreateObjectMapping: 0.036300 ms MarkObjects: 1.128600 ms  DeleteObjects: 0.010600 ms)

========================================================================
Received Import Request.
  Time since last request: 184.616434 seconds.
  path: Assets/ToDoList/UIPrefab/UITodoList.prefab
  artifactKey: Guid(20d1d82172994ba4ebe0fd38f48715eb) Importer(815301076,1909f56bfc062723c751e8b465ee728b)
Start importing Assets/ToDoList/UIPrefab/UITodoList.prefab using Guid(20d1d82172994ba4ebe0fd38f48715eb) Importer(815301076,1909f56bfc062723c751e8b465ee728b)  -> (artifact id: '1dfbbd0bdf7cf0f165fd32ed946fb946') in 0.037127 seconds
  Import took 0.039769 seconds .

========================================================================
Received Prepare
Registering precompiled user dll's ...
Registered in 0.000653 seconds.
Begin MonoManager ReloadAssembly
Native extension for WindowsStandalone target not found
Refreshing native plugins compatible for Editor in 0.21 ms, found 0 plugins.
Preloading 0 native plugins for Editor in 0.00 ms.
Invoked RoslynAnalysisRunner static constructor.
RoslynAnalysisRunner will not be running.
RoslynAnalysisRunner has terminated.
Mono: successfully reloaded assembly
- Completed reload, in  0.502 seconds
Platform modules already initialized, skipping
Refreshing native plugins compatible for Editor in 0.22 ms, found 0 plugins.
Preloading 0 native plugins for Editor in 0.00 ms.
Unloading 1704 Unused Serialized files (Serialized files now loaded: 0)
System memory in use before: 73.3 MB.
System memory in use after: 73.4 MB.

Unloading 10 unused Assets to reduce memory usage. Loaded Objects now: 2176.
Total: 1.437300 ms (FindLiveObjects: 0.184700 ms CreateObjectMapping: 0.052500 ms MarkObjects: 1.159500 ms  DeleteObjects: 0.037200 ms)

========================================================================
Received Import Request.
  Time since last request: 6.114756 seconds.
  path: Assets/ToDoList/UIPrefab/UITodoList.prefab
  artifactKey: Guid(20d1d82172994ba4ebe0fd38f48715eb) Importer(815301076,1909f56bfc062723c751e8b465ee728b)
Start importing Assets/ToDoList/UIPrefab/UITodoList.prefab using Guid(20d1d82172994ba4ebe0fd38f48715eb) Importer(815301076,1909f56bfc062723c751e8b465ee728b)  -> (artifact id: 'b259d333b829f1d27b11a8fe87d42bec') in 0.032984 seconds
  Import took 0.035187 seconds .

========================================================================
Received Import Request.
  Time since last request: 0.000360 seconds.
  path: Assets/ToDoList/UIPrefab/UITodoList.prefab
  artifactKey: Guid(20d1d82172994ba4ebe0fd38f48715eb) Importer(815301076,1909f56bfc062723c751e8b465ee728b)
Start importing Assets/ToDoList/UIPrefab/UITodoList.prefab using Guid(20d1d82172994ba4ebe0fd38f48715eb) Importer(815301076,1909f56bfc062723c751e8b465ee728b)  -> (artifact id: 'b259d333b829f1d27b11a8fe87d42bec') in 0.002867 seconds
  Import took 0.004745 seconds .

========================================================================
Received Import Request.
  Time since last request: 31.301997 seconds.
  path: Assets/ToDoList/Scripts/UI/UITodoList.Designer.cs
  artifactKey: Guid(e7958a6ad498c8943ab650ea8f842fbb) Importer(815301076,1909f56bfc062723c751e8b465ee728b)
Start importing Assets/ToDoList/Scripts/UI/UITodoList.Designer.cs using Guid(e7958a6ad498c8943ab650ea8f842fbb) Importer(815301076,1909f56bfc062723c751e8b465ee728b)  -> (artifact id: 'b9d7f87be3577dce93e1fcb4ac8032bb') in 0.004838 seconds
  Import took 0.007109 seconds .

========================================================================
Received Import Request.
  Time since last request: 0.013375 seconds.
  path: Assets/ToDoList/Scripts/UI/UITodoList.Designer.cs
  artifactKey: Guid(e7958a6ad498c8943ab650ea8f842fbb) Importer(815301076,1909f56bfc062723c751e8b465ee728b)
Start importing Assets/ToDoList/Scripts/UI/UITodoList.Designer.cs using Guid(e7958a6ad498c8943ab650ea8f842fbb) Importer(815301076,1909f56bfc062723c751e8b465ee728b)  -> (artifact id: 'b9d7f87be3577dce93e1fcb4ac8032bb') in 0.001801 seconds
  Import took 0.004072 seconds .

========================================================================
Received Prepare
Registering precompiled user dll's ...
Registered in 0.000758 seconds.
Begin MonoManager ReloadAssembly
Native extension for WindowsStandalone target not found
Refreshing native plugins compatible for Editor in 0.21 ms, found 0 plugins.
Preloading 0 native plugins for Editor in 0.00 ms.
Invoked RoslynAnalysisRunner static constructor.
RoslynAnalysisRunner will not be running.
RoslynAnalysisRunner has terminated.
Mono: successfully reloaded assembly
- Completed reload, in  0.506 seconds
Platform modules already initialized, skipping
Refreshing native plugins compatible for Editor in 0.21 ms, found 0 plugins.
Preloading 0 native plugins for Editor in 0.00 ms.
Unloading 1704 Unused Serialized files (Serialized files now loaded: 0)
System memory in use before: 73.3 MB.
System memory in use after: 73.4 MB.

Unloading 10 unused Assets to reduce memory usage. Loaded Objects now: 2178.
Total: 1.306400 ms (FindLiveObjects: 0.137100 ms CreateObjectMapping: 0.032300 ms MarkObjects: 1.101000 ms  DeleteObjects: 0.034300 ms)

========================================================================
Received Prepare
Registering precompiled user dll's ...
Registered in 0.000611 seconds.
Begin MonoManager ReloadAssembly
Native extension for WindowsStandalone target not found
Refreshing native plugins compatible for Editor in 0.21 ms, found 0 plugins.
Preloading 0 native plugins for Editor in 0.00 ms.
Invoked RoslynAnalysisRunner static constructor.
RoslynAnalysisRunner will not be running.
RoslynAnalysisRunner has terminated.
Mono: successfully reloaded assembly
- Completed reload, in  0.500 seconds
Platform modules already initialized, skipping
Refreshing native plugins compatible for Editor in 0.21 ms, found 0 plugins.
Preloading 0 native plugins for Editor in 0.00 ms.
Unloading 1704 Unused Serialized files (Serialized files now loaded: 0)
System memory in use before: 73.3 MB.
System memory in use after: 73.4 MB.

Unloading 5 unused Assets to reduce memory usage. Loaded Objects now: 2180.
Total: 1.413800 ms (FindLiveObjects: 0.206000 ms CreateObjectMapping: 0.047800 ms MarkObjects: 1.148100 ms  DeleteObjects: 0.011400 ms)

========================================================================
Received Prepare
Registering precompiled user dll's ...
Registered in 0.000689 seconds.
Begin MonoManager ReloadAssembly
Native extension for WindowsStandalone target not found
Refreshing native plugins compatible for Editor in 0.21 ms, found 0 plugins.
Preloading 0 native plugins for Editor in 0.00 ms.
Invoked RoslynAnalysisRunner static constructor.
RoslynAnalysisRunner will not be running.
RoslynAnalysisRunner has terminated.
Mono: successfully reloaded assembly
- Completed reload, in  0.510 seconds
Platform modules already initialized, skipping
Refreshing native plugins compatible for Editor in 0.22 ms, found 0 plugins.
Preloading 0 native plugins for Editor in 0.00 ms.
Unloading 1704 Unused Serialized files (Serialized files now loaded: 0)
System memory in use before: 73.3 MB.
System memory in use after: 73.4 MB.

Unloading 5 unused Assets to reduce memory usage. Loaded Objects now: 2182.
Total: 1.269800 ms (FindLiveObjects: 0.115600 ms CreateObjectMapping: 0.029300 ms MarkObjects: 1.113000 ms  DeleteObjects: 0.011000 ms)

========================================================================
Received Prepare
Registering precompiled user dll's ...
Registered in 0.000725 seconds.
Begin MonoManager ReloadAssembly
Native extension for WindowsStandalone target not found
Refreshing native plugins compatible for Editor in 0.24 ms, found 0 plugins.
Preloading 0 native plugins for Editor in 0.00 ms.
Invoked RoslynAnalysisRunner static constructor.
RoslynAnalysisRunner will not be running.
RoslynAnalysisRunner has terminated.
Mono: successfully reloaded assembly
- Completed reload, in  0.506 seconds
Platform modules already initialized, skipping
Refreshing native plugins compatible for Editor in 0.21 ms, found 0 plugins.
Preloading 0 native plugins for Editor in 0.00 ms.
Unloading 1704 Unused Serialized files (Serialized files now loaded: 0)
System memory in use before: 73.3 MB.
System memory in use after: 73.4 MB.

Unloading 5 unused Assets to reduce memory usage. Loaded Objects now: 2184.
Total: 1.382600 ms (FindLiveObjects: 0.118700 ms CreateObjectMapping: 0.045400 ms MarkObjects: 1.207000 ms  DeleteObjects: 0.010500 ms)

========================================================================
Received Prepare
Registering precompiled user dll's ...
Registered in 0.000854 seconds.
Begin MonoManager ReloadAssembly
Native extension for WindowsStandalone target not found
Refreshing native plugins compatible for Editor in 0.27 ms, found 0 plugins.
Preloading 0 native plugins for Editor in 0.00 ms.
Invoked RoslynAnalysisRunner static constructor.
RoslynAnalysisRunner will not be running.
RoslynAnalysisRunner has terminated.
Mono: successfully reloaded assembly
- Completed reload, in  0.543 seconds
Platform modules already initialized, skipping
Refreshing native plugins compatible for Editor in 0.22 ms, found 0 plugins.
Preloading 0 native plugins for Editor in 0.00 ms.
Unloading 1704 Unused Serialized files (Serialized files now loaded: 0)
System memory in use before: 73.3 MB.
System memory in use after: 73.4 MB.

Unloading 5 unused Assets to reduce memory usage. Loaded Objects now: 2186.
Total: 1.274600 ms (FindLiveObjects: 0.140000 ms CreateObjectMapping: 0.050900 ms MarkObjects: 1.068500 ms  DeleteObjects: 0.014200 ms)

========================================================================
Received Import Request.
  Time since last request: 2408.447487 seconds.
  path: Assets/ToDoList/Test
  artifactKey: Guid(ad2631480f9089f4ab10c49933d45da8) Importer(815301076,1909f56bfc062723c751e8b465ee728b)
Start importing Assets/ToDoList/Test using Guid(ad2631480f9089f4ab10c49933d45da8) Importer(815301076,1909f56bfc062723c751e8b465ee728b)  -> (artifact id: 'fe232d3027b22d5663f2d6bb3a2029f2') in 0.006233 seconds
  Import took 0.008481 seconds .

========================================================================
Received Import Request.
  Time since last request: 39.784879 seconds.
  path: Assets/ToDoList/Test/TestUITodoList.unity
  artifactKey: Guid(018988dc78dd3f9488e6f7c087e99c6d) Importer(815301076,1909f56bfc062723c751e8b465ee728b)
Start importing Assets/ToDoList/Test/TestUITodoList.unity using Guid(018988dc78dd3f9488e6f7c087e99c6d) Importer(815301076,1909f56bfc062723c751e8b465ee728b)  -> (artifact id: '2ec49195755fdad04d0064a7455c1fc0') in 0.009625 seconds
  Import took 0.012603 seconds .

========================================================================
Received Import Request.
  Time since last request: 369.105966 seconds.
  path: Assets/ToDoList/App.unity
  artifactKey: Guid(f0649ce7bcdc6dd4b8cc27cc68041aaa) Importer(815301076,1909f56bfc062723c751e8b465ee728b)
Start importing Assets/ToDoList/App.unity using Guid(f0649ce7bcdc6dd4b8cc27cc68041aaa) Importer(815301076,1909f56bfc062723c751e8b465ee728b)  -> (artifact id: 'f26d15c303c4bd6153ba5e2cf72ca0ec') in 0.005900 seconds
  Import took 0.008644 seconds .

========================================================================
Received Prepare
Registering precompiled user dll's ...
Registered in 0.000641 seconds.
Begin MonoManager ReloadAssembly
Native extension for WindowsStandalone target not found
Refreshing native plugins compatible for Editor in 0.21 ms, found 0 plugins.
Preloading 0 native plugins for Editor in 0.00 ms.
Invoked RoslynAnalysisRunner static constructor.
RoslynAnalysisRunner will not be running.
RoslynAnalysisRunner has terminated.
Mono: successfully reloaded assembly
- Completed reload, in  0.483 seconds
Platform modules already initialized, skipping
Refreshing native plugins compatible for Editor in 0.22 ms, found 0 plugins.
Preloading 0 native plugins for Editor in 0.00 ms.
Unloading 1704 Unused Serialized files (Serialized files now loaded: 0)
System memory in use before: 73.3 MB.
System memory in use after: 73.4 MB.

Unloading 5 unused Assets to reduce memory usage. Loaded Objects now: 2188.
Total: 1.208700 ms (FindLiveObjects: 0.108500 ms CreateObjectMapping: 0.037100 ms MarkObjects: 1.052100 ms  DeleteObjects: 0.010600 ms)

========================================================================
Received Import Request.
  Time since last request: 85.600039 seconds.
  path: Assets/ToDoList/TestUICompletedList.unity
  artifactKey: Guid(0240b13883180a541a0fae86847b62a7) Importer(815301076,1909f56bfc062723c751e8b465ee728b)
Start importing Assets/ToDoList/TestUICompletedList.unity using Guid(0240b13883180a541a0fae86847b62a7) Importer(815301076,1909f56bfc062723c751e8b465ee728b)  -> (artifact id: '406e28f6bf7b564715b9e826abc5e9a7') in 0.011699 seconds
  Import took 0.013990 seconds .

========================================================================
Received Import Request.
  Time since last request: 148.559738 seconds.
  path: Assets/ToDoList/UIPrefab/UICompletedList.prefab
  artifactKey: Guid(16023f4c7609ba24b972a2395b0e38c3) Importer(815301076,1909f56bfc062723c751e8b465ee728b)
Start importing Assets/ToDoList/UIPrefab/UICompletedList.prefab using Guid(16023f4c7609ba24b972a2395b0e38c3) Importer(815301076,1909f56bfc062723c751e8b465ee728b)  -> (artifact id: 'b4b08b7a99c9ddaba5f0817f34098194') in 0.021777 seconds
  Import took 0.023948 seconds .

========================================================================
Received Import Request.
  Time since last request: 36.340521 seconds.
  path: Assets/ToDoList/UIPrefab/UICompletedList.prefab
  artifactKey: Guid(16023f4c7609ba24b972a2395b0e38c3) Importer(815301076,1909f56bfc062723c751e8b465ee728b)
Start importing Assets/ToDoList/UIPrefab/UICompletedList.prefab using Guid(16023f4c7609ba24b972a2395b0e38c3) Importer(815301076,1909f56bfc062723c751e8b465ee728b)  -> (artifact id: '35cfc1278e7c938b6151a49cc557c7cb') in 0.003022 seconds
  Import took 0.005615 seconds .

========================================================================
Received Prepare
Registering precompiled user dll's ...
Registered in 0.000615 seconds.
Begin MonoManager ReloadAssembly
Native extension for WindowsStandalone target not found
Refreshing native plugins compatible for Editor in 0.21 ms, found 0 plugins.
Preloading 0 native plugins for Editor in 0.00 ms.
Invoked RoslynAnalysisRunner static constructor.
RoslynAnalysisRunner will not be running.
RoslynAnalysisRunner has terminated.
Mono: successfully reloaded assembly
- Completed reload, in  0.501 seconds
Platform modules already initialized, skipping
Refreshing native plugins compatible for Editor in 0.22 ms, found 0 plugins.
Preloading 0 native plugins for Editor in 0.00 ms.
Unloading 1706 Unused Serialized files (Serialized files now loaded: 0)
System memory in use before: 73.3 MB.
System memory in use after: 73.5 MB.

Unloading 6 unused Assets to reduce memory usage. Loaded Objects now: 2192.
Total: 1.313100 ms (FindLiveObjects: 0.250800 ms CreateObjectMapping: 0.086100 ms MarkObjects: 0.961200 ms  DeleteObjects: 0.014300 ms)

========================================================================
Received Import Request.
  Time since last request: 3.380379 seconds.
  path: Assets/ToDoList/UIPrefab/UICompletedList.prefab
  artifactKey: Guid(16023f4c7609ba24b972a2395b0e38c3) Importer(815301076,1909f56bfc062723c751e8b465ee728b)
Start importing Assets/ToDoList/UIPrefab/UICompletedList.prefab using Guid(16023f4c7609ba24b972a2395b0e38c3) Importer(815301076,1909f56bfc062723c751e8b465ee728b)  -> (artifact id: 'f6fb218749f4066cb4ffa9cabf2f0700') in 0.022020 seconds
  Import took 0.024182 seconds .

========================================================================
Received Import Request.
  Time since last request: 0.016224 seconds.
  path: Assets/ToDoList/UIPrefab/UICompletedList.prefab
  artifactKey: Guid(16023f4c7609ba24b972a2395b0e38c3) Importer(815301076,1909f56bfc062723c751e8b465ee728b)
Start importing Assets/ToDoList/UIPrefab/UICompletedList.prefab using Guid(16023f4c7609ba24b972a2395b0e38c3) Importer(815301076,1909f56bfc062723c751e8b465ee728b)  -> (artifact id: 'f6fb218749f4066cb4ffa9cabf2f0700') in 0.002562 seconds
  Import took 0.004781 seconds .

========================================================================
Received Prepare
Registering precompiled user dll's ...
Registered in 0.000682 seconds.
Begin MonoManager ReloadAssembly
Native extension for WindowsStandalone target not found
Refreshing native plugins compatible for Editor in 0.23 ms, found 0 plugins.
Preloading 0 native plugins for Editor in 0.00 ms.
Invoked RoslynAnalysisRunner static constructor.
RoslynAnalysisRunner will not be running.
RoslynAnalysisRunner has terminated.
Mono: successfully reloaded assembly
- Completed reload, in  0.488 seconds
Platform modules already initialized, skipping
Refreshing native plugins compatible for Editor in 0.22 ms, found 0 plugins.
Preloading 0 native plugins for Editor in 0.00 ms.
Unloading 1706 Unused Serialized files (Serialized files now loaded: 0)
System memory in use before: 73.4 MB.
System memory in use after: 73.5 MB.

Unloading 6 unused Assets to reduce memory usage. Loaded Objects now: 2194.
Total: 1.256400 ms (FindLiveObjects: 0.150900 ms CreateObjectMapping: 0.031200 ms MarkObjects: 1.059500 ms  DeleteObjects: 0.014100 ms)

========================================================================
Received Prepare
Registering precompiled user dll's ...
Registered in 0.000676 seconds.
Begin MonoManager ReloadAssembly
Native extension for WindowsStandalone target not found
Refreshing native plugins compatible for Editor in 0.25 ms, found 0 plugins.
Preloading 0 native plugins for Editor in 0.00 ms.
Invoked RoslynAnalysisRunner static constructor.
RoslynAnalysisRunner will not be running.
RoslynAnalysisRunner has terminated.
Mono: successfully reloaded assembly
- Completed reload, in  0.476 seconds
Platform modules already initialized, skipping
Refreshing native plugins compatible for Editor in 0.21 ms, found 0 plugins.
Preloading 0 native plugins for Editor in 0.00 ms.
Unloading 1706 Unused Serialized files (Serialized files now loaded: 0)
System memory in use before: 73.4 MB.
System memory in use after: 73.5 MB.

Unloading 5 unused Assets to reduce memory usage. Loaded Objects now: 2196.
Total: 1.717000 ms (FindLiveObjects: 0.149500 ms CreateObjectMapping: 0.048100 ms MarkObjects: 1.503200 ms  DeleteObjects: 0.015600 ms)

========================================================================
Received Prepare
Registering precompiled user dll's ...
Registered in 0.000649 seconds.
Begin MonoManager ReloadAssembly
Native extension for WindowsStandalone target not found
Refreshing native plugins compatible for Editor in 0.21 ms, found 0 plugins.
Preloading 0 native plugins for Editor in 0.00 ms.
Invoked RoslynAnalysisRunner static constructor.
RoslynAnalysisRunner will not be running.
RoslynAnalysisRunner has terminated.
Mono: successfully reloaded assembly
- Completed reload, in  0.483 seconds
Platform modules already initialized, skipping
Refreshing native plugins compatible for Editor in 0.21 ms, found 0 plugins.
Preloading 0 native plugins for Editor in 0.00 ms.
Unloading 1706 Unused Serialized files (Serialized files now loaded: 0)
System memory in use before: 73.4 MB.
System memory in use after: 73.5 MB.

Unloading 5 unused Assets to reduce memory usage. Loaded Objects now: 2198.
Total: 2.155900 ms (FindLiveObjects: 0.214400 ms CreateObjectMapping: 0.082000 ms MarkObjects: 1.826500 ms  DeleteObjects: 0.031600 ms)

========================================================================
Received Import Request.
  Time since last request: 760.678907 seconds.
  path: Assets/ToDoList/UIPrefab/UITodoList.prefab
  artifactKey: Guid(20d1d82172994ba4ebe0fd38f48715eb) Importer(815301076,1909f56bfc062723c751e8b465ee728b)
Start importing Assets/ToDoList/UIPrefab/UITodoList.prefab using Guid(20d1d82172994ba4ebe0fd38f48715eb) Importer(815301076,1909f56bfc062723c751e8b465ee728b)  -> (artifact id: 'da66f3ff783f226fc8b88a9d9bb713d8') in 0.037088 seconds
  Import took 0.039508 seconds .

========================================================================
Received Prepare
Registering precompiled user dll's ...
Registered in 0.000806 seconds.
Begin MonoManager ReloadAssembly
Native extension for WindowsStandalone target not found
Refreshing native plugins compatible for Editor in 0.25 ms, found 0 plugins.
Preloading 0 native plugins for Editor in 0.00 ms.
Invoked RoslynAnalysisRunner static constructor.
RoslynAnalysisRunner will not be running.
RoslynAnalysisRunner has terminated.
Mono: successfully reloaded assembly
- Completed reload, in  0.474 seconds
Platform modules already initialized, skipping
Refreshing native plugins compatible for Editor in 0.21 ms, found 0 plugins.
Preloading 0 native plugins for Editor in 0.00 ms.
Unloading 1706 Unused Serialized files (Serialized files now loaded: 0)
System memory in use before: 73.4 MB.
System memory in use after: 73.5 MB.

Unloading 10 unused Assets to reduce memory usage. Loaded Objects now: 2200.
Total: 1.595200 ms (FindLiveObjects: 0.138200 ms CreateObjectMapping: 0.046200 ms MarkObjects: 1.383800 ms  DeleteObjects: 0.026200 ms)

========================================================================
Received Import Request.
  Time since last request: 7.851146 seconds.
  path: Assets/ToDoList/UIPrefab/UITodoList.prefab
  artifactKey: Guid(20d1d82172994ba4ebe0fd38f48715eb) Importer(815301076,1909f56bfc062723c751e8b465ee728b)
Start importing Assets/ToDoList/UIPrefab/UITodoList.prefab using Guid(20d1d82172994ba4ebe0fd38f48715eb) Importer(815301076,1909f56bfc062723c751e8b465ee728b)  -> (artifact id: '7371fdaa439e5ea3657c949bab51a36d') in 0.037107 seconds
  Import took 0.039543 seconds .

========================================================================
Received Import Request.
  Time since last request: 0.048194 seconds.
  path: Assets/ToDoList/UIPrefab/UITodoList.prefab
  artifactKey: Guid(20d1d82172994ba4ebe0fd38f48715eb) Importer(815301076,1909f56bfc062723c751e8b465ee728b)
Start importing Assets/ToDoList/UIPrefab/UITodoList.prefab using Guid(20d1d82172994ba4ebe0fd38f48715eb) Importer(815301076,1909f56bfc062723c751e8b465ee728b)  -> (artifact id: '7371fdaa439e5ea3657c949bab51a36d') in 0.003219 seconds
  Import took 0.005448 seconds .

========================================================================
Received Prepare
Registering precompiled user dll's ...
Registered in 0.000673 seconds.
Begin MonoManager ReloadAssembly
Native extension for WindowsStandalone target not found
Refreshing native plugins compatible for Editor in 0.21 ms, found 0 plugins.
Preloading 0 native plugins for Editor in 0.00 ms.
Invoked RoslynAnalysisRunner static constructor.
RoslynAnalysisRunner will not be running.
RoslynAnalysisRunner has terminated.
Mono: successfully reloaded assembly
- Completed reload, in  0.494 seconds
Platform modules already initialized, skipping
Refreshing native plugins compatible for Editor in 0.22 ms, found 0 plugins.
Preloading 0 native plugins for Editor in 0.00 ms.
Unloading 1706 Unused Serialized files (Serialized files now loaded: 0)
System memory in use before: 73.4 MB.
System memory in use after: 73.5 MB.

Unloading 10 unused Assets to reduce memory usage. Loaded Objects now: 2202.
Total: 1.219200 ms (FindLiveObjects: 0.157500 ms CreateObjectMapping: 0.037500 ms MarkObjects: 1.001800 ms  DeleteObjects: 0.021600 ms)

========================================================================
Received Prepare
Registering precompiled user dll's ...
Registered in 0.000680 seconds.
Begin MonoManager ReloadAssembly
Native extension for WindowsStandalone target not found
Refreshing native plugins compatible for Editor in 0.25 ms, found 0 plugins.
Preloading 0 native plugins for Editor in 0.00 ms.
Invoked RoslynAnalysisRunner static constructor.
RoslynAnalysisRunner will not be running.
RoslynAnalysisRunner has terminated.
Mono: successfully reloaded assembly
- Completed reload, in  0.489 seconds
Platform modules already initialized, skipping
Refreshing native plugins compatible for Editor in 0.22 ms, found 0 plugins.
Preloading 0 native plugins for Editor in 0.00 ms.
Unloading 1706 Unused Serialized files (Serialized files now loaded: 0)
System memory in use before: 73.4 MB.
System memory in use after: 73.5 MB.

Unloading 5 unused Assets to reduce memory usage. Loaded Objects now: 2204.
Total: 1.205500 ms (FindLiveObjects: 0.130100 ms CreateObjectMapping: 0.065900 ms MarkObjects: 0.999000 ms  DeleteObjects: 0.009800 ms)

AssetImportWorkerClient::OnTransportError - code=2 error=End of file
