Using pre-set license
Built from '2020.2/china_unity/release' branch; Version is '2020.2.6f1c1 (88e64323f9a5) revision 8971843'; Using compiler version '192528614'; Build Type 'Release'
OS: 'Windows 10 Pro; OS build 19044.1889; Version 2009; 64bit' Language: 'zh' Physical Memory: 16251 MB
BatchMode: 1, IsHumanControllingUs: 0, StartBugReporterOnCrash: 0, Is64bit: 1, IsPro: 0

 COMMAND LINE ARGUMENTS:
C:\Program Files\Unity\Editor\Unity.exe
-adb2
-batchMode
-noUpm
-name
AssetImportWorker0
-projectPath
C:/Users/23523/Desktop/work/QFrameworkSiki
-logFile
Logs/AssetImportWorker0.log
-srvPort
50164
Successfully changed project path to: C:/Users/23523/Desktop/work/QFrameworkSiki
C:/Users/23523/Desktop/work/QFrameworkSiki
Using Asset Import Pipeline V2.
Refreshing native plugins compatible for Editor in 28.76 ms, found 0 plugins.
Preloading 0 native plugins for Editor in 0.00 ms.
Initialize engine version: 2020.2.6f1c1 (88e64323f9a5)
[Subsystems] Discovering subsystems at path C:/Program Files/Unity/Editor/Data/Resources/UnitySubsystems
[Subsystems] Discovering subsystems at path C:/Users/23523/Desktop/work/QFrameworkSiki/Assets
GfxDevice: creating device client; threaded=0
Direct3D:
    Version:  Direct3D 11.0 [level 11.1]
    Renderer: NVIDIA GeForce GTX 1660 (ID=0x2184)
    Vendor:   
    VRAM:     5992 MB
    Driver:   30.0.15.1277
Initialize mono
Mono path[0] = 'C:/Program Files/Unity/Editor/Data/Managed'
Mono path[1] = 'C:/Program Files/Unity/Editor/Data/MonoBleedingEdge/lib/mono/unityjit'
Mono config path = 'C:/Program Files/Unity/Editor/Data/MonoBleedingEdge/etc'
Using monoOptions --debugger-agent=transport=dt_socket,embedding=1,server=y,suspend=n,address=127.0.0.1:56424
Begin MonoManager ReloadAssembly
Registering precompiled unity dll's ...
Register platform support module: C:/Program Files/Unity/Editor/Data/PlaybackEngines/WindowsStandaloneSupport/UnityEditor.WindowsStandalone.Extensions.dll
Registered in 0.001331 seconds.
Native extension for WindowsStandalone target not found
Refreshing native plugins compatible for Editor in 36.55 ms, found 0 plugins.
Preloading 0 native plugins for Editor in 0.00 ms.
Invoked RoslynAnalysisRunner static constructor.
RoslynAnalysisRunner will not be running.
RoslynAnalysisRunner has terminated.
Mono: successfully reloaded assembly
- Completed reload, in  0.624 seconds
Platform modules already initialized, skipping
Registering precompiled user dll's ...
Registered in 0.001241 seconds.
Begin MonoManager ReloadAssembly
Native extension for WindowsStandalone target not found
Refreshing native plugins compatible for Editor in 35.61 ms, found 0 plugins.
Preloading 0 native plugins for Editor in 0.00 ms.
Invoked RoslynAnalysisRunner static constructor.
RoslynAnalysisRunner will not be running.
RoslynAnalysisRunner has terminated.
Mono: successfully reloaded assembly
- Completed reload, in  0.718 seconds
Platform modules already initialized, skipping
========================================================================
Worker process is ready to serve import requests
Launched and connected shader compiler UnityShaderCompiler.exe after 0.03 seconds
Refreshing native plugins compatible for Editor in 0.25 ms, found 0 plugins.
Preloading 0 native plugins for Editor in 0.00 ms.
Unloading 1712 Unused Serialized files (Serialized files now loaded: 0)
System memory in use before: 73.2 MB.
System memory in use after: 73.3 MB.

Unloading 10 unused Assets to reduce memory usage. Loaded Objects now: 2154.
Total: 2.124200 ms (FindLiveObjects: 0.313800 ms CreateObjectMapping: 0.084000 ms MarkObjects: 1.663000 ms  DeleteObjects: 0.061800 ms)

========================================================================
Received Import Request.
  path: Assets/ToDoList/Scripts/UI/UICompletedList.cs
  artifactKey: Guid(b766e9819187dd143bbdffbf128eef68) Importer(815301076,1909f56bfc062723c751e8b465ee728b)
Start importing Assets/ToDoList/Scripts/UI/UICompletedList.cs using Guid(b766e9819187dd143bbdffbf128eef68) Importer(815301076,1909f56bfc062723c751e8b465ee728b)  -> (artifact id: 'f96afcd3cff2bebb1d8ae26451827b48') in 0.019301 seconds
  Import took 0.022313 seconds .

========================================================================
Received Import Request.
  Time since last request: 32.596129 seconds.
  path: Assets/ToDoList/TestUICompletedList.unity
  artifactKey: Guid(0240b13883180a541a0fae86847b62a7) Importer(815301076,1909f56bfc062723c751e8b465ee728b)
Start importing Assets/ToDoList/TestUICompletedList.unity using Guid(0240b13883180a541a0fae86847b62a7) Importer(815301076,1909f56bfc062723c751e8b465ee728b)  -> (artifact id: 'af32527106e1d5306a818769bfbbd439') in 0.012708 seconds
  Import took 0.014744 seconds .

========================================================================
Received Import Request.
  Time since last request: 10.917713 seconds.
  path: Assets/ToDoList/App.unity
  artifactKey: Guid(f0649ce7bcdc6dd4b8cc27cc68041aaa) Importer(815301076,1909f56bfc062723c751e8b465ee728b)
Start importing Assets/ToDoList/App.unity using Guid(f0649ce7bcdc6dd4b8cc27cc68041aaa) Importer(815301076,1909f56bfc062723c751e8b465ee728b)  -> (artifact id: '9784193959c9b8750b9ecf7437107d35') in 0.005201 seconds
  Import took 0.007891 seconds .

========================================================================
Received Import Request.
  Time since last request: 0.000728 seconds.
  path: Assets/ToDoList/App.unity
  artifactKey: Guid(f0649ce7bcdc6dd4b8cc27cc68041aaa) Importer(815301076,1909f56bfc062723c751e8b465ee728b)
Start importing Assets/ToDoList/App.unity using Guid(f0649ce7bcdc6dd4b8cc27cc68041aaa) Importer(815301076,1909f56bfc062723c751e8b465ee728b)  -> (artifact id: '9784193959c9b8750b9ecf7437107d35') in 0.001874 seconds
  Import took 0.004070 seconds .

========================================================================
Received Import Request.
  Time since last request: 523.365259 seconds.
  path: Assets/ToDoList/UIPrefab/UICompletedList.prefab
  artifactKey: Guid(16023f4c7609ba24b972a2395b0e38c3) Importer(815301076,1909f56bfc062723c751e8b465ee728b)
Start importing Assets/ToDoList/UIPrefab/UICompletedList.prefab using Guid(16023f4c7609ba24b972a2395b0e38c3) Importer(815301076,1909f56bfc062723c751e8b465ee728b)  -> (artifact id: '80f766039d7bfebea038b33e8c4dc951') in 0.027575 seconds
  Import took 0.030063 seconds .

========================================================================
Received Import Request.
  Time since last request: 0.002314 seconds.
  path: Assets/ToDoList/UIPrefab/UICompletedList.prefab
  artifactKey: Guid(16023f4c7609ba24b972a2395b0e38c3) Importer(815301076,1909f56bfc062723c751e8b465ee728b)
Start importing Assets/ToDoList/UIPrefab/UICompletedList.prefab using Guid(16023f4c7609ba24b972a2395b0e38c3) Importer(815301076,1909f56bfc062723c751e8b465ee728b)  -> (artifact id: '80f766039d7bfebea038b33e8c4dc951') in 0.003034 seconds
  Import took 0.005316 seconds .

========================================================================
Received Import Request.
  Time since last request: 99.795312 seconds.
  path: Assets/ToDoList/UIPrefab/UICompletedList.prefab
  artifactKey: Guid(16023f4c7609ba24b972a2395b0e38c3) Importer(815301076,1909f56bfc062723c751e8b465ee728b)
Start importing Assets/ToDoList/UIPrefab/UICompletedList.prefab using Guid(16023f4c7609ba24b972a2395b0e38c3) Importer(815301076,1909f56bfc062723c751e8b465ee728b)  -> (artifact id: '7daecf6d7b18669919377156a4c57667') in 0.003072 seconds
  Import took 0.005108 seconds .

========================================================================
Received Import Request.
  Time since last request: 365.391687 seconds.
  path: Assets/ToDoList/Scripts/UI/UICompletedList/UITodoItem.cs
  artifactKey: Guid(ebd50ea7d88b4ed4dbc41bdc9b80c2bc) Importer(815301076,1909f56bfc062723c751e8b465ee728b)
Start importing Assets/ToDoList/Scripts/UI/UICompletedList/UITodoItem.cs using Guid(ebd50ea7d88b4ed4dbc41bdc9b80c2bc) Importer(815301076,1909f56bfc062723c751e8b465ee728b)  -> (artifact id: '4b80bd804d00495a7e4ab588ff50e61b') in 0.007029 seconds
  Import took 0.010235 seconds .

========================================================================
Received Import Request.
  Time since last request: 0.805102 seconds.
  path: Assets/ToDoList/Scripts/UI/UITodoList/UITodoItem.cs
  artifactKey: Guid(066b8e92474b8c84d857e01759d86873) Importer(815301076,1909f56bfc062723c751e8b465ee728b)
Start importing Assets/ToDoList/Scripts/UI/UITodoList/UITodoItem.cs using Guid(066b8e92474b8c84d857e01759d86873) Importer(815301076,1909f56bfc062723c751e8b465ee728b)  -> (artifact id: '0914e13ec0cedceacea73000f6a97ef2') in 0.001633 seconds
  Import took 0.003642 seconds .

========================================================================
Received Import Request.
  Time since last request: 30.134523 seconds.
  path: Assets/ToDoList/Scripts/UI/UICompletedList/UITodoItem.Designer.cs
  artifactKey: Guid(ae538b5ae1196ad4e9626d773fa8dc4e) Importer(815301076,1909f56bfc062723c751e8b465ee728b)
Start importing Assets/ToDoList/Scripts/UI/UICompletedList/UITodoItem.Designer.cs using Guid(ae538b5ae1196ad4e9626d773fa8dc4e) Importer(815301076,1909f56bfc062723c751e8b465ee728b)  -> (artifact id: '0ed56d0afd50f30c5d4dc76cb40fb7a5') in 0.005162 seconds
  Import took 0.007289 seconds .

========================================================================
Received Import Request.
  Time since last request: 4.998178 seconds.
  path: Assets/ToDoList/Scripts/UI/UICompletedList/UICompletedTodoItem.Designer.cs
  artifactKey: Guid(083463531c9d48e448f2eca55a566357) Importer(815301076,1909f56bfc062723c751e8b465ee728b)
Start importing Assets/ToDoList/Scripts/UI/UICompletedList/UICompletedTodoItem.Designer.cs using Guid(083463531c9d48e448f2eca55a566357) Importer(815301076,1909f56bfc062723c751e8b465ee728b)  -> (artifact id: '8e97ca3504aa3567206b711772891554') in 0.004647 seconds
  Import took 0.006746 seconds .

========================================================================
Received Import Request.
  Time since last request: 0.984124 seconds.
  path: Assets/ToDoList/Scripts/UI/UICompletedList/UICompletedTodoItem.cs
  artifactKey: Guid(3cfda3b23951ae84b89fc3be0daddd8f) Importer(815301076,1909f56bfc062723c751e8b465ee728b)
Start importing Assets/ToDoList/Scripts/UI/UICompletedList/UICompletedTodoItem.cs using Guid(3cfda3b23951ae84b89fc3be0daddd8f) Importer(815301076,1909f56bfc062723c751e8b465ee728b)  -> (artifact id: '66cba4558c56f1e4e3b6df2fdfa33ebe') in 0.004456 seconds
  Import took 0.006523 seconds .

========================================================================
Received Import Request.
  Time since last request: 148.848596 seconds.
  path: Assets/ToDoList/Scripts/UI/UITodoList/UITodoItem.Designer.cs
  artifactKey: Guid(0ec8ef38f25b6a749b8bb641f6aeb68f) Importer(815301076,1909f56bfc062723c751e8b465ee728b)
Start importing Assets/ToDoList/Scripts/UI/UITodoList/UITodoItem.Designer.cs using Guid(0ec8ef38f25b6a749b8bb641f6aeb68f) Importer(815301076,1909f56bfc062723c751e8b465ee728b)  -> (artifact id: '5d4550beefe8170c46485a268926c1f9') in 0.004014 seconds
  Import took 0.006737 seconds .

========================================================================
Received Prepare
Registering precompiled user dll's ...
Registered in 0.000566 seconds.
Begin MonoManager ReloadAssembly
Native extension for WindowsStandalone target not found
Refreshing native plugins compatible for Editor in 0.21 ms, found 0 plugins.
Preloading 0 native plugins for Editor in 0.00 ms.
Invoked RoslynAnalysisRunner static constructor.
RoslynAnalysisRunner will not be running.
RoslynAnalysisRunner has terminated.
Mono: successfully reloaded assembly
- Completed reload, in  0.494 seconds
Platform modules already initialized, skipping
Refreshing native plugins compatible for Editor in 0.22 ms, found 0 plugins.
Preloading 0 native plugins for Editor in 0.00 ms.
Unloading 1709 Unused Serialized files (Serialized files now loaded: 0)
System memory in use before: 73.3 MB.
System memory in use after: 73.4 MB.

Unloading 8 unused Assets to reduce memory usage. Loaded Objects now: 2161.
Total: 1.708000 ms (FindLiveObjects: 0.163100 ms CreateObjectMapping: 0.048700 ms MarkObjects: 1.466800 ms  DeleteObjects: 0.028600 ms)

========================================================================
Received Import Request.
  Time since last request: 142.885675 seconds.
  path: Assets/ToDoList/Scripts/UI/UICompletedList/UITodoItem.Designer.cs
  artifactKey: Guid(ae538b5ae1196ad4e9626d773fa8dc4e) Importer(815301076,1909f56bfc062723c751e8b465ee728b)
Start importing Assets/ToDoList/Scripts/UI/UICompletedList/UITodoItem.Designer.cs using Guid(ae538b5ae1196ad4e9626d773fa8dc4e) Importer(815301076,1909f56bfc062723c751e8b465ee728b)  -> (artifact id: '1d223632a3a94fe3fb3fdaa219ea184c') in 0.005879 seconds
  Import took 0.007946 seconds .

========================================================================
Received Import Request.
  Time since last request: 6.345300 seconds.
  path: Assets/ToDoList/UIPrefab/UICompletedList.prefab
  artifactKey: Guid(16023f4c7609ba24b972a2395b0e38c3) Importer(815301076,1909f56bfc062723c751e8b465ee728b)
Start importing Assets/ToDoList/UIPrefab/UICompletedList.prefab using Guid(16023f4c7609ba24b972a2395b0e38c3) Importer(815301076,1909f56bfc062723c751e8b465ee728b)  -> (artifact id: '494c8570892f8dcc56afd4e3dccd91d2') in 0.028266 seconds
  Import took 0.030350 seconds .

========================================================================
Received Prepare
Registering precompiled user dll's ...
Registered in 0.000672 seconds.
Begin MonoManager ReloadAssembly
Native extension for WindowsStandalone target not found
Refreshing native plugins compatible for Editor in 0.21 ms, found 0 plugins.
Preloading 0 native plugins for Editor in 0.00 ms.
Invoked RoslynAnalysisRunner static constructor.
RoslynAnalysisRunner will not be running.
RoslynAnalysisRunner has terminated.
Mono: successfully reloaded assembly
- Completed reload, in  0.474 seconds
Platform modules already initialized, skipping
Refreshing native plugins compatible for Editor in 0.21 ms, found 0 plugins.
Preloading 0 native plugins for Editor in 0.00 ms.
Unloading 1706 Unused Serialized files (Serialized files now loaded: 0)
System memory in use before: 73.2 MB.
System memory in use after: 73.3 MB.

Unloading 11 unused Assets to reduce memory usage. Loaded Objects now: 2160.
Total: 1.242600 ms (FindLiveObjects: 0.105000 ms CreateObjectMapping: 0.033000 ms MarkObjects: 1.085800 ms  DeleteObjects: 0.018300 ms)

========================================================================
Received Import Request.
  Time since last request: 5.799893 seconds.
  path: Assets/ToDoList/UIPrefab/UICompletedList.prefab
  artifactKey: Guid(16023f4c7609ba24b972a2395b0e38c3) Importer(815301076,1909f56bfc062723c751e8b465ee728b)
Start importing Assets/ToDoList/UIPrefab/UICompletedList.prefab using Guid(16023f4c7609ba24b972a2395b0e38c3) Importer(815301076,1909f56bfc062723c751e8b465ee728b)  -> (artifact id: '7fd5ac013a54220a64aa0bcbb3f1d9f3') in 0.029551 seconds
  Import took 0.031741 seconds .

========================================================================
Received Import Request.
  Time since last request: 70.730453 seconds.
  path: Assets/ToDoList/Scripts/UI/UITodoList.cs
  artifactKey: Guid(c85b9030fc3e31d428b8486fc0665ec2) Importer(815301076,1909f56bfc062723c751e8b465ee728b)
Start importing Assets/ToDoList/Scripts/UI/UITodoList.cs using Guid(c85b9030fc3e31d428b8486fc0665ec2) Importer(815301076,1909f56bfc062723c751e8b465ee728b)  -> (artifact id: 'cfc18a9cca0ca63837323079ba47c7a5') in 0.004631 seconds
  Import took 0.006782 seconds .

========================================================================
Received Import Request.
  Time since last request: 0.015986 seconds.
  path: Assets/ToDoList/Scripts/UI/UITodoList.cs
  artifactKey: Guid(c85b9030fc3e31d428b8486fc0665ec2) Importer(815301076,1909f56bfc062723c751e8b465ee728b)
Start importing Assets/ToDoList/Scripts/UI/UITodoList.cs using Guid(c85b9030fc3e31d428b8486fc0665ec2) Importer(815301076,1909f56bfc062723c751e8b465ee728b)  -> (artifact id: 'cfc18a9cca0ca63837323079ba47c7a5') in 0.001861 seconds
  Import took 0.004188 seconds .

========================================================================
Received Import Request.
  Time since last request: 19.557481 seconds.
  path: Assets/ToDoList/Scripts/UI/UITodoList
  artifactKey: Guid(b138e47247d417a489b64d15e3a36bbc) Importer(815301076,1909f56bfc062723c751e8b465ee728b)
Start importing Assets/ToDoList/Scripts/UI/UITodoList using Guid(b138e47247d417a489b64d15e3a36bbc) Importer(815301076,1909f56bfc062723c751e8b465ee728b)  -> (artifact id: 'ddfde17aa9ad98c3b22b3a2505e631c6') in 0.002420 seconds
  Import took 0.004911 seconds .

========================================================================
Received Import Request.
  Time since last request: 70.885150 seconds.
  path: Assets/ToDoList/Scripts/UI/UITodoList.Designer.cs
  artifactKey: Guid(e7958a6ad498c8943ab650ea8f842fbb) Importer(815301076,1909f56bfc062723c751e8b465ee728b)
Start importing Assets/ToDoList/Scripts/UI/UITodoList.Designer.cs using Guid(e7958a6ad498c8943ab650ea8f842fbb) Importer(815301076,1909f56bfc062723c751e8b465ee728b)  -> (artifact id: '48e1425cbfddcc286d06e6b62da9de09') in 0.004458 seconds
  Import took 0.006915 seconds .

========================================================================
Received Import Request.
  Time since last request: 0.736704 seconds.
  path: Assets/ToDoList/Scripts/UI/UICompletedList.Designer.cs
  artifactKey: Guid(cc5e2d69a234eeb4f8f6283cc175ab24) Importer(815301076,1909f56bfc062723c751e8b465ee728b)
Start importing Assets/ToDoList/Scripts/UI/UICompletedList.Designer.cs using Guid(cc5e2d69a234eeb4f8f6283cc175ab24) Importer(815301076,1909f56bfc062723c751e8b465ee728b)  -> (artifact id: '04079bbedf7a0da1f4488a5b9a94a296') in 0.005096 seconds
  Import took 0.007536 seconds .

========================================================================
Received Prepare
Registering precompiled user dll's ...
Registered in 0.000686 seconds.
Begin MonoManager ReloadAssembly
Native extension for WindowsStandalone target not found
Refreshing native plugins compatible for Editor in 0.26 ms, found 0 plugins.
Preloading 0 native plugins for Editor in 0.00 ms.
Invoked RoslynAnalysisRunner static constructor.
RoslynAnalysisRunner will not be running.
RoslynAnalysisRunner has terminated.
Mono: successfully reloaded assembly
- Completed reload, in  0.490 seconds
Platform modules already initialized, skipping
Refreshing native plugins compatible for Editor in 0.22 ms, found 0 plugins.
Preloading 0 native plugins for Editor in 0.00 ms.
Unloading 1704 Unused Serialized files (Serialized files now loaded: 0)
System memory in use before: 73.2 MB.
System memory in use after: 73.3 MB.

Unloading 10 unused Assets to reduce memory usage. Loaded Objects now: 2160.
Total: 1.824100 ms (FindLiveObjects: 0.157400 ms CreateObjectMapping: 0.057100 ms MarkObjects: 1.579700 ms  DeleteObjects: 0.028700 ms)

========================================================================
Received Import Request.
  Time since last request: 140.421096 seconds.
  path: Assets/ToDoList/UIPrefab/UICompletedList.prefab
  artifactKey: Guid(16023f4c7609ba24b972a2395b0e38c3) Importer(815301076,1909f56bfc062723c751e8b465ee728b)
Start importing Assets/ToDoList/UIPrefab/UICompletedList.prefab using Guid(16023f4c7609ba24b972a2395b0e38c3) Importer(815301076,1909f56bfc062723c751e8b465ee728b)  -> (artifact id: '35f1d989d0c0e9bf27075d04688913c4') in 0.027889 seconds
  Import took 0.030038 seconds .

========================================================================
Received Import Request.
  Time since last request: 0.010761 seconds.
  path: Assets/ToDoList/UIPrefab/UICompletedList.prefab
  artifactKey: Guid(16023f4c7609ba24b972a2395b0e38c3) Importer(815301076,1909f56bfc062723c751e8b465ee728b)
Start importing Assets/ToDoList/UIPrefab/UICompletedList.prefab using Guid(16023f4c7609ba24b972a2395b0e38c3) Importer(815301076,1909f56bfc062723c751e8b465ee728b)  -> (artifact id: '35f1d989d0c0e9bf27075d04688913c4') in 0.003371 seconds
  Import took 0.005609 seconds .

========================================================================
Received Prepare
Registering precompiled user dll's ...
Registered in 0.000745 seconds.
Begin MonoManager ReloadAssembly
Native extension for WindowsStandalone target not found
Refreshing native plugins compatible for Editor in 0.22 ms, found 0 plugins.
Preloading 0 native plugins for Editor in 0.00 ms.
Invoked RoslynAnalysisRunner static constructor.
RoslynAnalysisRunner will not be running.
RoslynAnalysisRunner has terminated.
Mono: successfully reloaded assembly
- Completed reload, in  0.493 seconds
Platform modules already initialized, skipping
Refreshing native plugins compatible for Editor in 0.22 ms, found 0 plugins.
Preloading 0 native plugins for Editor in 0.00 ms.
Unloading 1706 Unused Serialized files (Serialized files now loaded: 0)
System memory in use before: 73.3 MB.
System memory in use after: 73.4 MB.

Unloading 8 unused Assets to reduce memory usage. Loaded Objects now: 2164.
Total: 1.303600 ms (FindLiveObjects: 0.115700 ms CreateObjectMapping: 0.033500 ms MarkObjects: 1.137200 ms  DeleteObjects: 0.016400 ms)

========================================================================
Received Import Request.
  Time since last request: 6.137555 seconds.
  path: Assets/ToDoList/UIPrefab/UICompletedList.prefab
  artifactKey: Guid(16023f4c7609ba24b972a2395b0e38c3) Importer(815301076,1909f56bfc062723c751e8b465ee728b)
Start importing Assets/ToDoList/UIPrefab/UICompletedList.prefab using Guid(16023f4c7609ba24b972a2395b0e38c3) Importer(815301076,1909f56bfc062723c751e8b465ee728b)  -> (artifact id: 'f1ddcfe37cf5de8441b5b8ea6bcd7e59') in 0.029125 seconds
  Import took 0.031239 seconds .

========================================================================
Received Import Request.
  Time since last request: 0.035348 seconds.
  path: Assets/ToDoList/UIPrefab/UICompletedList.prefab
  artifactKey: Guid(16023f4c7609ba24b972a2395b0e38c3) Importer(815301076,1909f56bfc062723c751e8b465ee728b)
Start importing Assets/ToDoList/UIPrefab/UICompletedList.prefab using Guid(16023f4c7609ba24b972a2395b0e38c3) Importer(815301076,1909f56bfc062723c751e8b465ee728b)  -> (artifact id: 'f1ddcfe37cf5de8441b5b8ea6bcd7e59') in 0.003343 seconds
  Import took 0.005489 seconds .

========================================================================
Received Prepare
Registering precompiled user dll's ...
Registered in 0.000691 seconds.
Begin MonoManager ReloadAssembly
Native extension for WindowsStandalone target not found
Refreshing native plugins compatible for Editor in 0.21 ms, found 0 plugins.
Preloading 0 native plugins for Editor in 0.00 ms.
Invoked RoslynAnalysisRunner static constructor.
RoslynAnalysisRunner will not be running.
RoslynAnalysisRunner has terminated.
Mono: successfully reloaded assembly
- Completed reload, in  0.497 seconds
Platform modules already initialized, skipping
Refreshing native plugins compatible for Editor in 0.22 ms, found 0 plugins.
Preloading 0 native plugins for Editor in 0.00 ms.
Unloading 1706 Unused Serialized files (Serialized files now loaded: 0)
System memory in use before: 73.3 MB.
System memory in use after: 73.4 MB.

Unloading 8 unused Assets to reduce memory usage. Loaded Objects now: 2166.
Total: 1.483100 ms (FindLiveObjects: 0.122800 ms CreateObjectMapping: 0.040400 ms MarkObjects: 1.298700 ms  DeleteObjects: 0.020400 ms)

========================================================================
Received Import Request.
  Time since last request: 121.293517 seconds.
  path: Assets/ToDoList/Scripts/UI/UITodoItem.cs
  artifactKey: Guid(f4050bbd998e2ee40902d7080cdbd4b0) Importer(815301076,1909f56bfc062723c751e8b465ee728b)
Start importing Assets/ToDoList/Scripts/UI/UITodoItem.cs using Guid(f4050bbd998e2ee40902d7080cdbd4b0) Importer(815301076,1909f56bfc062723c751e8b465ee728b)  -> (artifact id: 'b35a6a7c94429635831ebd06eacae2fc') in 0.007594 seconds
  Import took 0.009998 seconds .

========================================================================
Received Prepare
Registering precompiled user dll's ...
Registered in 0.000652 seconds.
Begin MonoManager ReloadAssembly
Native extension for WindowsStandalone target not found
Refreshing native plugins compatible for Editor in 0.30 ms, found 0 plugins.
Preloading 0 native plugins for Editor in 0.00 ms.
Invoked RoslynAnalysisRunner static constructor.
RoslynAnalysisRunner will not be running.
RoslynAnalysisRunner has terminated.
Mono: successfully reloaded assembly
- Completed reload, in  0.522 seconds
Platform modules already initialized, skipping
Refreshing native plugins compatible for Editor in 0.22 ms, found 0 plugins.
Preloading 0 native plugins for Editor in 0.00 ms.
Unloading 1706 Unused Serialized files (Serialized files now loaded: 0)
System memory in use before: 73.3 MB.
System memory in use after: 73.4 MB.

Unloading 5 unused Assets to reduce memory usage. Loaded Objects now: 2168.
Total: 1.099800 ms (FindLiveObjects: 0.119800 ms CreateObjectMapping: 0.040100 ms MarkObjects: 0.929100 ms  DeleteObjects: 0.009800 ms)

========================================================================
Received Prepare
Registering precompiled user dll's ...
Registered in 0.000693 seconds.
Begin MonoManager ReloadAssembly
Native extension for WindowsStandalone target not found
Refreshing native plugins compatible for Editor in 0.23 ms, found 0 plugins.
Preloading 0 native plugins for Editor in 0.00 ms.
Invoked RoslynAnalysisRunner static constructor.
RoslynAnalysisRunner will not be running.
RoslynAnalysisRunner has terminated.
Mono: successfully reloaded assembly
- Completed reload, in  0.502 seconds
Platform modules already initialized, skipping
Refreshing native plugins compatible for Editor in 0.22 ms, found 0 plugins.
Preloading 0 native plugins for Editor in 0.00 ms.
Unloading 1706 Unused Serialized files (Serialized files now loaded: 0)
System memory in use before: 73.3 MB.
System memory in use after: 73.4 MB.

Unloading 5 unused Assets to reduce memory usage. Loaded Objects now: 2170.
Total: 1.595500 ms (FindLiveObjects: 0.232000 ms CreateObjectMapping: 0.063100 ms MarkObjects: 1.287600 ms  DeleteObjects: 0.012200 ms)

========================================================================
Received Import Request.
  Time since last request: 774.679333 seconds.
  path: Assets/ToDoList/Scripts/UI/UICompletedList.cs
  artifactKey: Guid(b766e9819187dd143bbdffbf128eef68) Importer(815301076,1909f56bfc062723c751e8b465ee728b)
Start importing Assets/ToDoList/Scripts/UI/UICompletedList.cs using Guid(b766e9819187dd143bbdffbf128eef68) Importer(815301076,1909f56bfc062723c751e8b465ee728b)  -> (artifact id: '5321e58b7af8380b9e8fbe0f07961927') in 0.003406 seconds
  Import took 0.006151 seconds .

========================================================================
Received Prepare
Registering precompiled user dll's ...
Registered in 0.000722 seconds.
Begin MonoManager ReloadAssembly
Native extension for WindowsStandalone target not found
Refreshing native plugins compatible for Editor in 0.21 ms, found 0 plugins.
Preloading 0 native plugins for Editor in 0.00 ms.
Invoked RoslynAnalysisRunner static constructor.
RoslynAnalysisRunner will not be running.
RoslynAnalysisRunner has terminated.
Mono: successfully reloaded assembly
- Completed reload, in  0.499 seconds
Platform modules already initialized, skipping
Refreshing native plugins compatible for Editor in 0.22 ms, found 0 plugins.
Preloading 0 native plugins for Editor in 0.00 ms.
Unloading 1706 Unused Serialized files (Serialized files now loaded: 0)
System memory in use before: 73.3 MB.
System memory in use after: 73.4 MB.

Unloading 5 unused Assets to reduce memory usage. Loaded Objects now: 2172.
Total: 1.834500 ms (FindLiveObjects: 0.148000 ms CreateObjectMapping: 0.052200 ms MarkObjects: 1.612200 ms  DeleteObjects: 0.021100 ms)

========================================================================
Received Import Request.
  Time since last request: 115.807950 seconds.
  path: Assets/ToDoList/Scripts/UI/UITodoList.cs
  artifactKey: Guid(c85b9030fc3e31d428b8486fc0665ec2) Importer(815301076,1909f56bfc062723c751e8b465ee728b)
Start importing Assets/ToDoList/Scripts/UI/UITodoList.cs using Guid(c85b9030fc3e31d428b8486fc0665ec2) Importer(815301076,1909f56bfc062723c751e8b465ee728b)  -> (artifact id: 'b7386178e436af25cfcfc63dbc197e21') in 0.003324 seconds
  Import took 0.006119 seconds .

========================================================================
Received Import Request.
  Time since last request: 26.877392 seconds.
  path: Assets/ToDoList/UIPrefab/UICompletedList.prefab
  artifactKey: Guid(16023f4c7609ba24b972a2395b0e38c3) Importer(815301076,1909f56bfc062723c751e8b465ee728b)
Start importing Assets/ToDoList/UIPrefab/UICompletedList.prefab using Guid(16023f4c7609ba24b972a2395b0e38c3) Importer(815301076,1909f56bfc062723c751e8b465ee728b)  -> (artifact id: '377951b481c9f4f49f9a2e8194b080d0') in 0.028859 seconds
  Import took 0.031175 seconds .

========================================================================
Received Prepare
Registering precompiled user dll's ...
Registered in 0.001018 seconds.
Begin MonoManager ReloadAssembly
Native extension for WindowsStandalone target not found
Refreshing native plugins compatible for Editor in 0.22 ms, found 0 plugins.
Preloading 0 native plugins for Editor in 0.00 ms.
Invoked RoslynAnalysisRunner static constructor.
RoslynAnalysisRunner will not be running.
RoslynAnalysisRunner has terminated.
Mono: successfully reloaded assembly
- Completed reload, in  0.483 seconds
Platform modules already initialized, skipping
Refreshing native plugins compatible for Editor in 0.21 ms, found 0 plugins.
Preloading 0 native plugins for Editor in 0.00 ms.
Unloading 1708 Unused Serialized files (Serialized files now loaded: 0)
System memory in use before: 73.3 MB.
System memory in use after: 73.5 MB.

Unloading 8 unused Assets to reduce memory usage. Loaded Objects now: 2176.
Total: 1.372200 ms (FindLiveObjects: 0.138400 ms CreateObjectMapping: 0.040800 ms MarkObjects: 1.174400 ms  DeleteObjects: 0.017900 ms)

========================================================================
Received Import Request.
  Time since last request: 9.834963 seconds.
  path: Assets/ToDoList/UIPrefab/UICompletedList.prefab
  artifactKey: Guid(16023f4c7609ba24b972a2395b0e38c3) Importer(815301076,1909f56bfc062723c751e8b465ee728b)
Start importing Assets/ToDoList/UIPrefab/UICompletedList.prefab using Guid(16023f4c7609ba24b972a2395b0e38c3) Importer(815301076,1909f56bfc062723c751e8b465ee728b)  -> (artifact id: '738849c93157d0a6e2501a5e8b355a0f') in 0.028848 seconds
  Import took 0.030979 seconds .

========================================================================
Received Import Request.
  Time since last request: 0.033475 seconds.
  path: Assets/ToDoList/UIPrefab/UICompletedList.prefab
  artifactKey: Guid(16023f4c7609ba24b972a2395b0e38c3) Importer(815301076,1909f56bfc062723c751e8b465ee728b)
Start importing Assets/ToDoList/UIPrefab/UICompletedList.prefab using Guid(16023f4c7609ba24b972a2395b0e38c3) Importer(815301076,1909f56bfc062723c751e8b465ee728b)  -> (artifact id: '738849c93157d0a6e2501a5e8b355a0f') in 0.003008 seconds
  Import took 0.005214 seconds .

========================================================================
Received Import Request.
  Time since last request: 24.086511 seconds.
  path: Assets/ToDoList/UIPrefab/UICompletedTodoItem.prefab
  artifactKey: Guid(b8b35613efb873c49bea39c32f95476c) Importer(815301076,1909f56bfc062723c751e8b465ee728b)
Start importing Assets/ToDoList/UIPrefab/UICompletedTodoItem.prefab using Guid(b8b35613efb873c49bea39c32f95476c) Importer(815301076,1909f56bfc062723c751e8b465ee728b)  -> (artifact id: '90349f2c0eb666d7d90380cf9538ca1b') in 0.003906 seconds
  Import took 0.006272 seconds .

========================================================================
Received Import Request.
  Time since last request: 8.580555 seconds.
  path: Assets/ToDoList/UIPrefab/UICompletedTodoItem.prefab
  artifactKey: Guid(b8b35613efb873c49bea39c32f95476c) Importer(815301076,1909f56bfc062723c751e8b465ee728b)
Start importing Assets/ToDoList/UIPrefab/UICompletedTodoItem.prefab using Guid(b8b35613efb873c49bea39c32f95476c) Importer(815301076,1909f56bfc062723c751e8b465ee728b)  -> (artifact id: '3b429690e14174ea825743e488b723b4') in 0.002799 seconds
  Import took 0.005398 seconds .

========================================================================
Received Import Request.
  Time since last request: 22.145142 seconds.
  path: Assets/ToDoList/UIPrefab/UICompletedList.prefab
  artifactKey: Guid(16023f4c7609ba24b972a2395b0e38c3) Importer(815301076,1909f56bfc062723c751e8b465ee728b)
Start importing Assets/ToDoList/UIPrefab/UICompletedList.prefab using Guid(16023f4c7609ba24b972a2395b0e38c3) Importer(815301076,1909f56bfc062723c751e8b465ee728b)  -> (artifact id: 'fd5d0eaab4716a2adede413500f5344a') in 0.003721 seconds
  Import took 0.006373 seconds .

========================================================================
Received Import Request.
  Time since last request: 3.310486 seconds.
  path: Assets/ToDoList/TestUICompletedList.unity
  artifactKey: Guid(0240b13883180a541a0fae86847b62a7) Importer(815301076,1909f56bfc062723c751e8b465ee728b)
Start importing Assets/ToDoList/TestUICompletedList.unity using Guid(0240b13883180a541a0fae86847b62a7) Importer(815301076,1909f56bfc062723c751e8b465ee728b)  -> (artifact id: 'd7c9dc8c30123d2bb67747664ef988c1') in 0.002407 seconds
  Import took 0.005033 seconds .

========================================================================
Received Import Request.
  Time since last request: 0.001553 seconds.
  path: Assets/ToDoList/TestUICompletedList.unity
  artifactKey: Guid(0240b13883180a541a0fae86847b62a7) Importer(815301076,1909f56bfc062723c751e8b465ee728b)
Start importing Assets/ToDoList/TestUICompletedList.unity using Guid(0240b13883180a541a0fae86847b62a7) Importer(815301076,1909f56bfc062723c751e8b465ee728b)  -> (artifact id: 'd7c9dc8c30123d2bb67747664ef988c1') in 0.001802 seconds
  Import took 0.004253 seconds .

========================================================================
Received Import Request.
  Time since last request: 18.682222 seconds.
  path: Assets/ToDoList/Scripts/UI/UICompletedTodoItem.cs
  artifactKey: Guid(36240ca3217ba1e4b8ff89b09588a938) Importer(815301076,1909f56bfc062723c751e8b465ee728b)
Start importing Assets/ToDoList/Scripts/UI/UICompletedTodoItem.cs using Guid(36240ca3217ba1e4b8ff89b09588a938) Importer(815301076,1909f56bfc062723c751e8b465ee728b)  -> (artifact id: 'a0fb57dc40adca0f9c617c3ef0da026c') in 0.001756 seconds
  Import took 0.003812 seconds .

========================================================================
Received Import Request.
  Time since last request: 4.143110 seconds.
  path: Assets/ToDoList/Scripts/UI/UICompletedTodoItem.Designer.cs
  artifactKey: Guid(e0ec8c4478e133f49b1bb885e5902173) Importer(815301076,1909f56bfc062723c751e8b465ee728b)
Start importing Assets/ToDoList/Scripts/UI/UICompletedTodoItem.Designer.cs using Guid(e0ec8c4478e133f49b1bb885e5902173) Importer(815301076,1909f56bfc062723c751e8b465ee728b)  -> (artifact id: 'c6eaca2ef7f174d15238a9d70f21e70c') in 0.001688 seconds
  Import took 0.003942 seconds .

========================================================================
Received Import Request.
  Time since last request: 0.017501 seconds.
  path: Assets/ToDoList/Scripts/UI/UICompletedTodoItem.Designer.cs
  artifactKey: Guid(e0ec8c4478e133f49b1bb885e5902173) Importer(815301076,1909f56bfc062723c751e8b465ee728b)
Start importing Assets/ToDoList/Scripts/UI/UICompletedTodoItem.Designer.cs using Guid(e0ec8c4478e133f49b1bb885e5902173) Importer(815301076,1909f56bfc062723c751e8b465ee728b)  -> (artifact id: 'c6eaca2ef7f174d15238a9d70f21e70c') in 0.002148 seconds
  Import took 0.004543 seconds .

========================================================================
Received Prepare
Registering precompiled user dll's ...
Registered in 0.000702 seconds.
Begin MonoManager ReloadAssembly
Native extension for WindowsStandalone target not found
Refreshing native plugins compatible for Editor in 0.23 ms, found 0 plugins.
Preloading 0 native plugins for Editor in 0.00 ms.
Invoked RoslynAnalysisRunner static constructor.
RoslynAnalysisRunner will not be running.
RoslynAnalysisRunner has terminated.
Mono: successfully reloaded assembly
- Completed reload, in  0.529 seconds
Platform modules already initialized, skipping
Refreshing native plugins compatible for Editor in 0.22 ms, found 0 plugins.
Preloading 0 native plugins for Editor in 0.00 ms.
Unloading 1708 Unused Serialized files (Serialized files now loaded: 0)
System memory in use before: 73.4 MB.
System memory in use after: 73.5 MB.

Unloading 8 unused Assets to reduce memory usage. Loaded Objects now: 2178.
Total: 1.736500 ms (FindLiveObjects: 0.133800 ms CreateObjectMapping: 0.048700 ms MarkObjects: 1.491700 ms  DeleteObjects: 0.061500 ms)

========================================================================
Received Import Request.
  Time since last request: 16.878460 seconds.
  path: Assets/ToDoList/Scripts/UI/UICompletedList.cs
  artifactKey: Guid(b766e9819187dd143bbdffbf128eef68) Importer(815301076,1909f56bfc062723c751e8b465ee728b)
Start importing Assets/ToDoList/Scripts/UI/UICompletedList.cs using Guid(b766e9819187dd143bbdffbf128eef68) Importer(815301076,1909f56bfc062723c751e8b465ee728b)  -> (artifact id: '8b0d960ed1e36be6aec444a9beb59dda') in 0.003517 seconds
  Import took 0.005671 seconds .

========================================================================
Received Import Request.
  Time since last request: 0.018778 seconds.
  path: Assets/ToDoList/Scripts/UI/UICompletedList.cs
  artifactKey: Guid(b766e9819187dd143bbdffbf128eef68) Importer(815301076,1909f56bfc062723c751e8b465ee728b)
Start importing Assets/ToDoList/Scripts/UI/UICompletedList.cs using Guid(b766e9819187dd143bbdffbf128eef68) Importer(815301076,1909f56bfc062723c751e8b465ee728b)  -> (artifact id: '8b0d960ed1e36be6aec444a9beb59dda') in 0.001917 seconds
  Import took 0.004044 seconds .

========================================================================
Received Import Request.
  Time since last request: 1.644999 seconds.
  path: Assets/ToDoList/Scripts/UI/UICompletedList
  artifactKey: Guid(4353399f559d0a04dbc7544ff1af7c6c) Importer(815301076,1909f56bfc062723c751e8b465ee728b)
Start importing Assets/ToDoList/Scripts/UI/UICompletedList using Guid(4353399f559d0a04dbc7544ff1af7c6c) Importer(815301076,1909f56bfc062723c751e8b465ee728b)  -> (artifact id: '95c8d1c3bbbfbd2568c2ff029bf0b7e6') in 0.001763 seconds
  Import took 0.004001 seconds .

========================================================================
Received Prepare
Registering precompiled user dll's ...
Registered in 0.000744 seconds.
Begin MonoManager ReloadAssembly
Native extension for WindowsStandalone target not found
Refreshing native plugins compatible for Editor in 0.21 ms, found 0 plugins.
Preloading 0 native plugins for Editor in 0.00 ms.
Invoked RoslynAnalysisRunner static constructor.
RoslynAnalysisRunner will not be running.
RoslynAnalysisRunner has terminated.
Mono: successfully reloaded assembly
- Completed reload, in  0.484 seconds
Platform modules already initialized, skipping
Refreshing native plugins compatible for Editor in 0.22 ms, found 0 plugins.
Preloading 0 native plugins for Editor in 0.00 ms.
Unloading 1708 Unused Serialized files (Serialized files now loaded: 0)
System memory in use before: 73.4 MB.
System memory in use after: 73.5 MB.

Unloading 5 unused Assets to reduce memory usage. Loaded Objects now: 2180.
Total: 1.593500 ms (FindLiveObjects: 0.143700 ms CreateObjectMapping: 0.050600 ms MarkObjects: 1.384300 ms  DeleteObjects: 0.014000 ms)

========================================================================
Received Import Request.
  Time since last request: 213.231160 seconds.
  path: Assets/ToDoList/Scripts/UI/UICompletedList/UICompletedTodoItem.cs
  artifactKey: Guid(3cfda3b23951ae84b89fc3be0daddd8f) Importer(815301076,1909f56bfc062723c751e8b465ee728b)
Start importing Assets/ToDoList/Scripts/UI/UICompletedList/UICompletedTodoItem.cs using Guid(3cfda3b23951ae84b89fc3be0daddd8f) Importer(815301076,1909f56bfc062723c751e8b465ee728b)  -> (artifact id: '8acf5c486c5537e5d9c21ba26078cf88') in 0.005602 seconds
  Import took 0.009632 seconds .

========================================================================
Received Prepare
Registering precompiled user dll's ...
Registered in 0.000612 seconds.
Begin MonoManager ReloadAssembly
Native extension for WindowsStandalone target not found
Refreshing native plugins compatible for Editor in 0.21 ms, found 0 plugins.
Preloading 0 native plugins for Editor in 0.00 ms.
Invoked RoslynAnalysisRunner static constructor.
RoslynAnalysisRunner will not be running.
RoslynAnalysisRunner has terminated.
Mono: successfully reloaded assembly
- Completed reload, in  0.497 seconds
Platform modules already initialized, skipping
Refreshing native plugins compatible for Editor in 0.22 ms, found 0 plugins.
Preloading 0 native plugins for Editor in 0.00 ms.
Unloading 1708 Unused Serialized files (Serialized files now loaded: 0)
System memory in use before: 73.4 MB.
System memory in use after: 73.5 MB.

Unloading 5 unused Assets to reduce memory usage. Loaded Objects now: 2182.
Total: 1.513200 ms (FindLiveObjects: 0.152700 ms CreateObjectMapping: 0.041100 ms MarkObjects: 1.308700 ms  DeleteObjects: 0.009900 ms)

========================================================================
Received Import Request.
  Time since last request: 26.457685 seconds.
  path: Assets/ToDoList/App.cs
  artifactKey: Guid(a64583d124d5bc7458edb4a9243d8092) Importer(815301076,1909f56bfc062723c751e8b465ee728b)
Start importing Assets/ToDoList/App.cs using Guid(a64583d124d5bc7458edb4a9243d8092) Importer(815301076,1909f56bfc062723c751e8b465ee728b)  -> (artifact id: '56f19a39341a88ee827ee820856215c0') in 0.005762 seconds
  Import took 0.007848 seconds .

========================================================================
Received Import Request.
  Time since last request: 0.002434 seconds.
  path: Assets/ToDoList/App.cs
  artifactKey: Guid(a64583d124d5bc7458edb4a9243d8092) Importer(815301076,1909f56bfc062723c751e8b465ee728b)
Start importing Assets/ToDoList/App.cs using Guid(a64583d124d5bc7458edb4a9243d8092) Importer(815301076,1909f56bfc062723c751e8b465ee728b)  -> (artifact id: '56f19a39341a88ee827ee820856215c0') in 0.001590 seconds
  Import took 0.003503 seconds .

========================================================================
Received Prepare
Registering precompiled user dll's ...
Registered in 0.000750 seconds.
Begin MonoManager ReloadAssembly
Native extension for WindowsStandalone target not found
Refreshing native plugins compatible for Editor in 0.22 ms, found 0 plugins.
Preloading 0 native plugins for Editor in 0.00 ms.
Invoked RoslynAnalysisRunner static constructor.
RoslynAnalysisRunner will not be running.
RoslynAnalysisRunner has terminated.
Mono: successfully reloaded assembly
- Completed reload, in  0.501 seconds
Platform modules already initialized, skipping
Refreshing native plugins compatible for Editor in 0.21 ms, found 0 plugins.
Preloading 0 native plugins for Editor in 0.00 ms.
Unloading 1708 Unused Serialized files (Serialized files now loaded: 0)
System memory in use before: 73.4 MB.
System memory in use after: 73.5 MB.

Unloading 5 unused Assets to reduce memory usage. Loaded Objects now: 2184.
Total: 2.219900 ms (FindLiveObjects: 0.219100 ms CreateObjectMapping: 0.067700 ms MarkObjects: 1.910600 ms  DeleteObjects: 0.021200 ms)

========================================================================
Received Prepare
Registering precompiled user dll's ...
Registered in 0.000613 seconds.
Begin MonoManager ReloadAssembly
Native extension for WindowsStandalone target not found
Refreshing native plugins compatible for Editor in 0.26 ms, found 0 plugins.
Preloading 0 native plugins for Editor in 0.00 ms.
Invoked RoslynAnalysisRunner static constructor.
RoslynAnalysisRunner will not be running.
RoslynAnalysisRunner has terminated.
Mono: successfully reloaded assembly
- Completed reload, in  0.480 seconds
Platform modules already initialized, skipping
Refreshing native plugins compatible for Editor in 0.22 ms, found 0 plugins.
Preloading 0 native plugins for Editor in 0.00 ms.
Unloading 1708 Unused Serialized files (Serialized files now loaded: 0)
System memory in use before: 73.4 MB.
System memory in use after: 73.5 MB.

Unloading 5 unused Assets to reduce memory usage. Loaded Objects now: 2186.
Total: 1.306600 ms (FindLiveObjects: 0.148000 ms CreateObjectMapping: 0.065400 ms MarkObjects: 1.081900 ms  DeleteObjects: 0.010700 ms)

========================================================================
Received Prepare
Registering precompiled user dll's ...
Registered in 0.000671 seconds.
Begin MonoManager ReloadAssembly
Native extension for WindowsStandalone target not found
Refreshing native plugins compatible for Editor in 0.21 ms, found 0 plugins.
Preloading 0 native plugins for Editor in 0.00 ms.
Invoked RoslynAnalysisRunner static constructor.
RoslynAnalysisRunner will not be running.
RoslynAnalysisRunner has terminated.
Mono: successfully reloaded assembly
- Completed reload, in  0.504 seconds
Platform modules already initialized, skipping
Refreshing native plugins compatible for Editor in 0.22 ms, found 0 plugins.
Preloading 0 native plugins for Editor in 0.00 ms.
Unloading 1708 Unused Serialized files (Serialized files now loaded: 0)
System memory in use before: 73.4 MB.
System memory in use after: 73.5 MB.

Unloading 5 unused Assets to reduce memory usage. Loaded Objects now: 2188.
Total: 2.077200 ms (FindLiveObjects: 0.169900 ms CreateObjectMapping: 0.060700 ms MarkObjects: 1.825900 ms  DeleteObjects: 0.019400 ms)

========================================================================
Received Prepare
Registering precompiled user dll's ...
Registered in 0.000740 seconds.
Begin MonoManager ReloadAssembly
Native extension for WindowsStandalone target not found
Refreshing native plugins compatible for Editor in 0.21 ms, found 0 plugins.
Preloading 0 native plugins for Editor in 0.00 ms.
Invoked RoslynAnalysisRunner static constructor.
RoslynAnalysisRunner will not be running.
RoslynAnalysisRunner has terminated.
Mono: successfully reloaded assembly
- Completed reload, in  0.493 seconds
Platform modules already initialized, skipping
Refreshing native plugins compatible for Editor in 0.22 ms, found 0 plugins.
Preloading 0 native plugins for Editor in 0.00 ms.
Unloading 1708 Unused Serialized files (Serialized files now loaded: 0)
System memory in use before: 73.4 MB.
System memory in use after: 73.5 MB.

Unloading 5 unused Assets to reduce memory usage. Loaded Objects now: 2190.
Total: 1.335000 ms (FindLiveObjects: 0.132900 ms CreateObjectMapping: 0.039500 ms MarkObjects: 1.150500 ms  DeleteObjects: 0.011500 ms)

========================================================================
Received Prepare
Registering precompiled user dll's ...
Registered in 0.000708 seconds.
Begin MonoManager ReloadAssembly
Native extension for WindowsStandalone target not found
Refreshing native plugins compatible for Editor in 0.21 ms, found 0 plugins.
Preloading 0 native plugins for Editor in 0.00 ms.
Invoked RoslynAnalysisRunner static constructor.
RoslynAnalysisRunner will not be running.
RoslynAnalysisRunner has terminated.
Mono: successfully reloaded assembly
- Completed reload, in  0.480 seconds
Platform modules already initialized, skipping
Refreshing native plugins compatible for Editor in 0.22 ms, found 0 plugins.
Preloading 0 native plugins for Editor in 0.00 ms.
Unloading 1708 Unused Serialized files (Serialized files now loaded: 0)
System memory in use before: 73.4 MB.
System memory in use after: 73.5 MB.

Unloading 5 unused Assets to reduce memory usage. Loaded Objects now: 2192.
Total: 1.157000 ms (FindLiveObjects: 0.160100 ms CreateObjectMapping: 0.038100 ms MarkObjects: 0.947800 ms  DeleteObjects: 0.010200 ms)

========================================================================
Received Prepare
Registering precompiled user dll's ...
Registered in 0.000664 seconds.
Begin MonoManager ReloadAssembly
Native extension for WindowsStandalone target not found
Refreshing native plugins compatible for Editor in 0.22 ms, found 0 plugins.
Preloading 0 native plugins for Editor in 0.00 ms.
Invoked RoslynAnalysisRunner static constructor.
RoslynAnalysisRunner will not be running.
RoslynAnalysisRunner has terminated.
Mono: successfully reloaded assembly
- Completed reload, in  0.484 seconds
Platform modules already initialized, skipping
Refreshing native plugins compatible for Editor in 0.22 ms, found 0 plugins.
Preloading 0 native plugins for Editor in 0.00 ms.
Unloading 1708 Unused Serialized files (Serialized files now loaded: 0)
System memory in use before: 73.4 MB.
System memory in use after: 73.5 MB.

Unloading 5 unused Assets to reduce memory usage. Loaded Objects now: 2194.
Total: 1.212100 ms (FindLiveObjects: 0.122500 ms CreateObjectMapping: 0.037300 ms MarkObjects: 1.030100 ms  DeleteObjects: 0.021400 ms)

========================================================================
Received Prepare
Registering precompiled user dll's ...
Registered in 0.000656 seconds.
Begin MonoManager ReloadAssembly
Native extension for WindowsStandalone target not found
Refreshing native plugins compatible for Editor in 0.22 ms, found 0 plugins.
Preloading 0 native plugins for Editor in 0.00 ms.
Invoked RoslynAnalysisRunner static constructor.
RoslynAnalysisRunner will not be running.
RoslynAnalysisRunner has terminated.
Mono: successfully reloaded assembly
- Completed reload, in  0.489 seconds
Platform modules already initialized, skipping
Refreshing native plugins compatible for Editor in 0.22 ms, found 0 plugins.
Preloading 0 native plugins for Editor in 0.00 ms.
Unloading 1708 Unused Serialized files (Serialized files now loaded: 0)
System memory in use before: 73.4 MB.
System memory in use after: 73.5 MB.

Unloading 5 unused Assets to reduce memory usage. Loaded Objects now: 2196.
Total: 1.495600 ms (FindLiveObjects: 0.139200 ms CreateObjectMapping: 0.047000 ms MarkObjects: 1.294600 ms  DeleteObjects: 0.013800 ms)

========================================================================
Received Import Request.
  Time since last request: 779.198845 seconds.
  path: Assets/ToDoList/UIPrefab/UICompletedList.prefab
  artifactKey: Guid(16023f4c7609ba24b972a2395b0e38c3) Importer(815301076,1909f56bfc062723c751e8b465ee728b)
Start importing Assets/ToDoList/UIPrefab/UICompletedList.prefab using Guid(16023f4c7609ba24b972a2395b0e38c3) Importer(815301076,1909f56bfc062723c751e8b465ee728b)  -> (artifact id: '48af021f76a487722f38166d73cfe45a') in 0.030318 seconds
  Import took 0.032558 seconds .

========================================================================
Received Prepare
Registering precompiled user dll's ...
Registered in 0.000662 seconds.
Begin MonoManager ReloadAssembly
Native extension for WindowsStandalone target not found
Refreshing native plugins compatible for Editor in 0.21 ms, found 0 plugins.
Preloading 0 native plugins for Editor in 0.00 ms.
Invoked RoslynAnalysisRunner static constructor.
RoslynAnalysisRunner will not be running.
RoslynAnalysisRunner has terminated.
Mono: successfully reloaded assembly
- Completed reload, in  0.473 seconds
Platform modules already initialized, skipping
Refreshing native plugins compatible for Editor in 0.24 ms, found 0 plugins.
Preloading 0 native plugins for Editor in 0.00 ms.
Unloading 1708 Unused Serialized files (Serialized files now loaded: 0)
System memory in use before: 73.4 MB.
System memory in use after: 73.5 MB.

Unloading 8 unused Assets to reduce memory usage. Loaded Objects now: 2198.
Total: 1.162700 ms (FindLiveObjects: 0.119800 ms CreateObjectMapping: 0.038900 ms MarkObjects: 0.976200 ms  DeleteObjects: 0.027200 ms)

========================================================================
Received Prepare
Registering precompiled user dll's ...
Registered in 0.000893 seconds.
Begin MonoManager ReloadAssembly
Native extension for WindowsStandalone target not found
Refreshing native plugins compatible for Editor in 0.21 ms, found 0 plugins.
Preloading 0 native plugins for Editor in 0.00 ms.
Invoked RoslynAnalysisRunner static constructor.
RoslynAnalysisRunner will not be running.
RoslynAnalysisRunner has terminated.
Mono: successfully reloaded assembly
- Completed reload, in  0.515 seconds
Platform modules already initialized, skipping
Refreshing native plugins compatible for Editor in 0.22 ms, found 0 plugins.
Preloading 0 native plugins for Editor in 0.00 ms.
Unloading 1708 Unused Serialized files (Serialized files now loaded: 0)
System memory in use before: 73.4 MB.
System memory in use after: 73.5 MB.

Unloading 5 unused Assets to reduce memory usage. Loaded Objects now: 2200.
Total: 1.224100 ms (FindLiveObjects: 0.118500 ms CreateObjectMapping: 0.044500 ms MarkObjects: 1.048400 ms  DeleteObjects: 0.012000 ms)

========================================================================
Received Prepare
Registering precompiled user dll's ...
Registered in 0.000686 seconds.
Begin MonoManager ReloadAssembly
Native extension for WindowsStandalone target not found
Refreshing native plugins compatible for Editor in 0.25 ms, found 0 plugins.
Preloading 0 native plugins for Editor in 0.00 ms.
Invoked RoslynAnalysisRunner static constructor.
RoslynAnalysisRunner will not be running.
RoslynAnalysisRunner has terminated.
Mono: successfully reloaded assembly
- Completed reload, in  0.493 seconds
Platform modules already initialized, skipping
Refreshing native plugins compatible for Editor in 0.22 ms, found 0 plugins.
Preloading 0 native plugins for Editor in 0.00 ms.
Unloading 1708 Unused Serialized files (Serialized files now loaded: 0)
System memory in use before: 73.4 MB.
System memory in use after: 73.5 MB.

Unloading 5 unused Assets to reduce memory usage. Loaded Objects now: 2202.
Total: 1.726800 ms (FindLiveObjects: 0.160100 ms CreateObjectMapping: 0.053300 ms MarkObjects: 1.497300 ms  DeleteObjects: 0.015300 ms)

========================================================================
Received Prepare
Registering precompiled user dll's ...
Registered in 0.000691 seconds.
Begin MonoManager ReloadAssembly
Native extension for WindowsStandalone target not found
Refreshing native plugins compatible for Editor in 0.26 ms, found 0 plugins.
Preloading 0 native plugins for Editor in 0.00 ms.
Invoked RoslynAnalysisRunner static constructor.
RoslynAnalysisRunner will not be running.
RoslynAnalysisRunner has terminated.
Mono: successfully reloaded assembly
- Completed reload, in  0.500 seconds
Platform modules already initialized, skipping
Refreshing native plugins compatible for Editor in 0.22 ms, found 0 plugins.
Preloading 0 native plugins for Editor in 0.00 ms.
Unloading 1708 Unused Serialized files (Serialized files now loaded: 0)
System memory in use before: 73.4 MB.
System memory in use after: 73.5 MB.

Unloading 5 unused Assets to reduce memory usage. Loaded Objects now: 2204.
Total: 1.348300 ms (FindLiveObjects: 0.201600 ms CreateObjectMapping: 0.068800 ms MarkObjects: 1.066700 ms  DeleteObjects: 0.010500 ms)

========================================================================
Received Prepare
Registering precompiled user dll's ...
Registered in 0.000719 seconds.
Begin MonoManager ReloadAssembly
Native extension for WindowsStandalone target not found
Refreshing native plugins compatible for Editor in 0.21 ms, found 0 plugins.
Preloading 0 native plugins for Editor in 0.00 ms.
Invoked RoslynAnalysisRunner static constructor.
RoslynAnalysisRunner will not be running.
RoslynAnalysisRunner has terminated.
Mono: successfully reloaded assembly
- Completed reload, in  0.507 seconds
Platform modules already initialized, skipping
Refreshing native plugins compatible for Editor in 0.22 ms, found 0 plugins.
Preloading 0 native plugins for Editor in 0.00 ms.
Unloading 1708 Unused Serialized files (Serialized files now loaded: 0)
System memory in use before: 73.4 MB.
System memory in use after: 73.5 MB.

Unloading 5 unused Assets to reduce memory usage. Loaded Objects now: 2206.
Total: 1.528900 ms (FindLiveObjects: 0.128600 ms CreateObjectMapping: 0.045600 ms MarkObjects: 1.341300 ms  DeleteObjects: 0.012300 ms)

========================================================================
Received Prepare
Registering precompiled user dll's ...
Registered in 0.000639 seconds.
Begin MonoManager ReloadAssembly
Native extension for WindowsStandalone target not found
Refreshing native plugins compatible for Editor in 0.22 ms, found 0 plugins.
Preloading 0 native plugins for Editor in 0.00 ms.
Invoked RoslynAnalysisRunner static constructor.
RoslynAnalysisRunner will not be running.
RoslynAnalysisRunner has terminated.
Mono: successfully reloaded assembly
- Completed reload, in  0.506 seconds
Platform modules already initialized, skipping
Refreshing native plugins compatible for Editor in 0.22 ms, found 0 plugins.
Preloading 0 native plugins for Editor in 0.00 ms.
Unloading 1708 Unused Serialized files (Serialized files now loaded: 0)
System memory in use before: 73.4 MB.
System memory in use after: 73.5 MB.

Unloading 5 unused Assets to reduce memory usage. Loaded Objects now: 2208.
Total: 1.273300 ms (FindLiveObjects: 0.142200 ms CreateObjectMapping: 0.037800 ms MarkObjects: 1.082400 ms  DeleteObjects: 0.010200 ms)

========================================================================
Received Prepare
Registering precompiled user dll's ...
Registered in 0.000701 seconds.
Begin MonoManager ReloadAssembly
Native extension for WindowsStandalone target not found
Refreshing native plugins compatible for Editor in 0.22 ms, found 0 plugins.
Preloading 0 native plugins for Editor in 0.00 ms.
Invoked RoslynAnalysisRunner static constructor.
RoslynAnalysisRunner will not be running.
RoslynAnalysisRunner has terminated.
Mono: successfully reloaded assembly
- Completed reload, in  0.485 seconds
Platform modules already initialized, skipping
Refreshing native plugins compatible for Editor in 0.21 ms, found 0 plugins.
Preloading 0 native plugins for Editor in 0.00 ms.
Unloading 1708 Unused Serialized files (Serialized files now loaded: 0)
System memory in use before: 73.4 MB.
System memory in use after: 73.5 MB.

Unloading 5 unused Assets to reduce memory usage. Loaded Objects now: 2210.
Total: 1.273900 ms (FindLiveObjects: 0.124200 ms CreateObjectMapping: 0.032500 ms MarkObjects: 1.106600 ms  DeleteObjects: 0.010000 ms)

========================================================================
Received Import Request.
  Time since last request: 531.778791 seconds.
  path: Assets/ToDoList/UIPrefab/UITodoItem.prefab
  artifactKey: Guid(23fba1c0437b88b44aad8e1b0412ee42) Importer(815301076,1909f56bfc062723c751e8b465ee728b)
Start importing Assets/ToDoList/UIPrefab/UITodoItem.prefab using Guid(23fba1c0437b88b44aad8e1b0412ee42) Importer(815301076,1909f56bfc062723c751e8b465ee728b)  -> (artifact id: 'a743cf9b6cc77dc196a79b9e401972cd') in 0.027450 seconds
  Import took 0.030802 seconds .

========================================================================
Received Prepare
Registering precompiled user dll's ...
Registered in 0.000729 seconds.
Begin MonoManager ReloadAssembly
Native extension for WindowsStandalone target not found
Refreshing native plugins compatible for Editor in 0.22 ms, found 0 plugins.
Preloading 0 native plugins for Editor in 0.00 ms.
Invoked RoslynAnalysisRunner static constructor.
RoslynAnalysisRunner will not be running.
RoslynAnalysisRunner has terminated.
Mono: successfully reloaded assembly
- Completed reload, in  0.495 seconds
Platform modules already initialized, skipping
Refreshing native plugins compatible for Editor in 0.22 ms, found 0 plugins.
Preloading 0 native plugins for Editor in 0.00 ms.
Unloading 1708 Unused Serialized files (Serialized files now loaded: 0)
System memory in use before: 73.4 MB.
System memory in use after: 73.5 MB.

Unloading 7 unused Assets to reduce memory usage. Loaded Objects now: 2212.
Total: 1.832900 ms (FindLiveObjects: 0.145800 ms CreateObjectMapping: 0.051800 ms MarkObjects: 1.607000 ms  DeleteObjects: 0.027300 ms)

========================================================================
Received Prepare
Registering precompiled user dll's ...
Registered in 0.000681 seconds.
Begin MonoManager ReloadAssembly
Native extension for WindowsStandalone target not found
Refreshing native plugins compatible for Editor in 0.21 ms, found 0 plugins.
Preloading 0 native plugins for Editor in 0.00 ms.
Invoked RoslynAnalysisRunner static constructor.
RoslynAnalysisRunner will not be running.
RoslynAnalysisRunner has terminated.
Mono: successfully reloaded assembly
- Completed reload, in  0.479 seconds
Platform modules already initialized, skipping
Refreshing native plugins compatible for Editor in 0.22 ms, found 0 plugins.
Preloading 0 native plugins for Editor in 0.00 ms.
Unloading 1708 Unused Serialized files (Serialized files now loaded: 0)
System memory in use before: 73.4 MB.
System memory in use after: 73.5 MB.

Unloading 5 unused Assets to reduce memory usage. Loaded Objects now: 2214.
Total: 1.868700 ms (FindLiveObjects: 0.219600 ms CreateObjectMapping: 0.074000 ms MarkObjects: 1.557500 ms  DeleteObjects: 0.016600 ms)

========================================================================
Received Prepare
Registering precompiled user dll's ...
Registered in 0.000684 seconds.
Begin MonoManager ReloadAssembly
Native extension for WindowsStandalone target not found
Refreshing native plugins compatible for Editor in 0.21 ms, found 0 plugins.
Preloading 0 native plugins for Editor in 0.00 ms.
Invoked RoslynAnalysisRunner static constructor.
RoslynAnalysisRunner will not be running.
RoslynAnalysisRunner has terminated.
Mono: successfully reloaded assembly
- Completed reload, in  0.500 seconds
Platform modules already initialized, skipping
Refreshing native plugins compatible for Editor in 0.22 ms, found 0 plugins.
Preloading 0 native plugins for Editor in 0.00 ms.
Unloading 1708 Unused Serialized files (Serialized files now loaded: 0)
System memory in use before: 73.4 MB.
System memory in use after: 73.6 MB.

Unloading 5 unused Assets to reduce memory usage. Loaded Objects now: 2216.
Total: 1.293700 ms (FindLiveObjects: 0.163000 ms CreateObjectMapping: 0.033300 ms MarkObjects: 1.084400 ms  DeleteObjects: 0.012300 ms)

========================================================================
Received Prepare
Registering precompiled user dll's ...
Registered in 0.000842 seconds.
Begin MonoManager ReloadAssembly
Native extension for WindowsStandalone target not found
Refreshing native plugins compatible for Editor in 0.21 ms, found 0 plugins.
Preloading 0 native plugins for Editor in 0.00 ms.
Invoked RoslynAnalysisRunner static constructor.
RoslynAnalysisRunner will not be running.
RoslynAnalysisRunner has terminated.
Mono: successfully reloaded assembly
- Completed reload, in  0.492 seconds
Platform modules already initialized, skipping
Refreshing native plugins compatible for Editor in 0.23 ms, found 0 plugins.
Preloading 0 native plugins for Editor in 0.00 ms.
Unloading 1708 Unused Serialized files (Serialized files now loaded: 0)
System memory in use before: 73.4 MB.
System memory in use after: 73.6 MB.

Unloading 5 unused Assets to reduce memory usage. Loaded Objects now: 2218.
Total: 1.328500 ms (FindLiveObjects: 0.165000 ms CreateObjectMapping: 0.050600 ms MarkObjects: 1.101400 ms  DeleteObjects: 0.010500 ms)

========================================================================
Received Prepare
Registering precompiled user dll's ...
Registered in 0.000804 seconds.
Begin MonoManager ReloadAssembly
Native extension for WindowsStandalone target not found
Refreshing native plugins compatible for Editor in 0.22 ms, found 0 plugins.
Preloading 0 native plugins for Editor in 0.00 ms.
Invoked RoslynAnalysisRunner static constructor.
RoslynAnalysisRunner will not be running.
RoslynAnalysisRunner has terminated.
Mono: successfully reloaded assembly
- Completed reload, in  0.492 seconds
Platform modules already initialized, skipping
Refreshing native plugins compatible for Editor in 0.22 ms, found 0 plugins.
Preloading 0 native plugins for Editor in 0.00 ms.
Unloading 1708 Unused Serialized files (Serialized files now loaded: 0)
System memory in use before: 73.5 MB.
System memory in use after: 73.6 MB.

Unloading 5 unused Assets to reduce memory usage. Loaded Objects now: 2220.
Total: 1.185600 ms (FindLiveObjects: 0.129100 ms CreateObjectMapping: 0.033300 ms MarkObjects: 1.010400 ms  DeleteObjects: 0.011200 ms)

========================================================================
Received Prepare
Registering precompiled user dll's ...
Registered in 0.000619 seconds.
Begin MonoManager ReloadAssembly
Native extension for WindowsStandalone target not found
Refreshing native plugins compatible for Editor in 0.21 ms, found 0 plugins.
Preloading 0 native plugins for Editor in 0.00 ms.
Invoked RoslynAnalysisRunner static constructor.
RoslynAnalysisRunner will not be running.
RoslynAnalysisRunner has terminated.
Mono: successfully reloaded assembly
- Completed reload, in  0.486 seconds
Platform modules already initialized, skipping
Refreshing native plugins compatible for Editor in 0.22 ms, found 0 plugins.
Preloading 0 native plugins for Editor in 0.00 ms.
Unloading 1708 Unused Serialized files (Serialized files now loaded: 0)
System memory in use before: 73.5 MB.
System memory in use after: 73.6 MB.

Unloading 5 unused Assets to reduce memory usage. Loaded Objects now: 2222.
Total: 1.997400 ms (FindLiveObjects: 0.169900 ms CreateObjectMapping: 0.056100 ms MarkObjects: 1.752200 ms  DeleteObjects: 0.018300 ms)

========================================================================
Received Prepare
Registering precompiled user dll's ...
Registered in 0.000620 seconds.
Begin MonoManager ReloadAssembly
Native extension for WindowsStandalone target not found
Refreshing native plugins compatible for Editor in 0.22 ms, found 0 plugins.
Preloading 0 native plugins for Editor in 0.00 ms.
Invoked RoslynAnalysisRunner static constructor.
RoslynAnalysisRunner will not be running.
RoslynAnalysisRunner has terminated.
Mono: successfully reloaded assembly
- Completed reload, in  0.491 seconds
Platform modules already initialized, skipping
Refreshing native plugins compatible for Editor in 0.22 ms, found 0 plugins.
Preloading 0 native plugins for Editor in 0.00 ms.
Unloading 1708 Unused Serialized files (Serialized files now loaded: 0)
System memory in use before: 73.5 MB.
System memory in use after: 73.6 MB.

Unloading 5 unused Assets to reduce memory usage. Loaded Objects now: 2224.
Total: 1.754700 ms (FindLiveObjects: 0.151700 ms CreateObjectMapping: 0.048900 ms MarkObjects: 1.537800 ms  DeleteObjects: 0.015100 ms)

========================================================================
Received Prepare
Registering precompiled user dll's ...
Registered in 0.000710 seconds.
Begin MonoManager ReloadAssembly
Native extension for WindowsStandalone target not found
Refreshing native plugins compatible for Editor in 0.21 ms, found 0 plugins.
Preloading 0 native plugins for Editor in 0.00 ms.
Invoked RoslynAnalysisRunner static constructor.
RoslynAnalysisRunner will not be running.
RoslynAnalysisRunner has terminated.
Mono: successfully reloaded assembly
- Completed reload, in  0.492 seconds
Platform modules already initialized, skipping
Refreshing native plugins compatible for Editor in 0.22 ms, found 0 plugins.
Preloading 0 native plugins for Editor in 0.00 ms.
Unloading 1708 Unused Serialized files (Serialized files now loaded: 0)
System memory in use before: 73.5 MB.
System memory in use after: 73.6 MB.

Unloading 5 unused Assets to reduce memory usage. Loaded Objects now: 2226.
Total: 1.298700 ms (FindLiveObjects: 0.116400 ms CreateObjectMapping: 0.035400 ms MarkObjects: 1.134800 ms  DeleteObjects: 0.011500 ms)

========================================================================
Received Prepare
Registering precompiled user dll's ...
Registered in 0.000610 seconds.
Begin MonoManager ReloadAssembly
Native extension for WindowsStandalone target not found
Refreshing native plugins compatible for Editor in 0.22 ms, found 0 plugins.
Preloading 0 native plugins for Editor in 0.00 ms.
Invoked RoslynAnalysisRunner static constructor.
RoslynAnalysisRunner will not be running.
RoslynAnalysisRunner has terminated.
Mono: successfully reloaded assembly
- Completed reload, in  0.471 seconds
Platform modules already initialized, skipping
Refreshing native plugins compatible for Editor in 0.22 ms, found 0 plugins.
Preloading 0 native plugins for Editor in 0.00 ms.
Unloading 1708 Unused Serialized files (Serialized files now loaded: 0)
System memory in use before: 73.5 MB.
System memory in use after: 73.6 MB.

Unloading 5 unused Assets to reduce memory usage. Loaded Objects now: 2228.
Total: 1.204800 ms (FindLiveObjects: 0.141600 ms CreateObjectMapping: 0.039700 ms MarkObjects: 1.013300 ms  DeleteObjects: 0.009500 ms)

========================================================================
Received Import Request.
  Time since last request: 3857.233566 seconds.
  path: Assets/ToDoList/UIPrefab/UITodoItem.prefab
  artifactKey: Guid(23fba1c0437b88b44aad8e1b0412ee42) Importer(815301076,1909f56bfc062723c751e8b465ee728b)
Start importing Assets/ToDoList/UIPrefab/UITodoItem.prefab using Guid(23fba1c0437b88b44aad8e1b0412ee42) Importer(815301076,1909f56bfc062723c751e8b465ee728b)  -> (artifact id: '2927296d9a897c1712c6362b9a121439') in 0.032790 seconds
  Import took 0.035508 seconds .

========================================================================
Received Import Request.
  Time since last request: 104.452374 seconds.
  path: Assets/ToDoList/UIPrefab/UITodoList.prefab
  artifactKey: Guid(20d1d82172994ba4ebe0fd38f48715eb) Importer(815301076,1909f56bfc062723c751e8b465ee728b)
Start importing Assets/ToDoList/UIPrefab/UITodoList.prefab using Guid(20d1d82172994ba4ebe0fd38f48715eb) Importer(815301076,1909f56bfc062723c751e8b465ee728b)  -> (artifact id: '8f9ac8bc645fe33d86dbbafaf0c7724f') in 0.014334 seconds
  Import took 0.016753 seconds .

========================================================================
Received Import Request.
  Time since last request: 0.000396 seconds.
  path: Assets/ToDoList/UIPrefab/UITodoList.prefab
  artifactKey: Guid(20d1d82172994ba4ebe0fd38f48715eb) Importer(815301076,1909f56bfc062723c751e8b465ee728b)
Start importing Assets/ToDoList/UIPrefab/UITodoList.prefab using Guid(20d1d82172994ba4ebe0fd38f48715eb) Importer(815301076,1909f56bfc062723c751e8b465ee728b)  -> (artifact id: '8f9ac8bc645fe33d86dbbafaf0c7724f') in 0.002963 seconds
  Import took 0.004949 seconds .

========================================================================
Received Prepare
Registering precompiled user dll's ...
Registered in 0.000637 seconds.
Begin MonoManager ReloadAssembly
Native extension for WindowsStandalone target not found
Refreshing native plugins compatible for Editor in 0.21 ms, found 0 plugins.
Preloading 0 native plugins for Editor in 0.00 ms.
Invoked RoslynAnalysisRunner static constructor.
RoslynAnalysisRunner will not be running.
RoslynAnalysisRunner has terminated.
Mono: successfully reloaded assembly
- Completed reload, in  0.491 seconds
Platform modules already initialized, skipping
Refreshing native plugins compatible for Editor in 0.22 ms, found 0 plugins.
Preloading 0 native plugins for Editor in 0.00 ms.
Unloading 1708 Unused Serialized files (Serialized files now loaded: 0)
System memory in use before: 73.5 MB.
System memory in use after: 73.6 MB.

Unloading 10 unused Assets to reduce memory usage. Loaded Objects now: 2230.
Total: 2.033900 ms (FindLiveObjects: 0.225400 ms CreateObjectMapping: 0.069200 ms MarkObjects: 1.706700 ms  DeleteObjects: 0.031500 ms)

========================================================================
Received Prepare
Registering precompiled user dll's ...
Registered in 0.000727 seconds.
Begin MonoManager ReloadAssembly
Native extension for WindowsStandalone target not found
Refreshing native plugins compatible for Editor in 0.21 ms, found 0 plugins.
Preloading 0 native plugins for Editor in 0.00 ms.
Invoked RoslynAnalysisRunner static constructor.
RoslynAnalysisRunner will not be running.
RoslynAnalysisRunner has terminated.
Mono: successfully reloaded assembly
- Completed reload, in  0.496 seconds
Platform modules already initialized, skipping
Refreshing native plugins compatible for Editor in 0.21 ms, found 0 plugins.
Preloading 0 native plugins for Editor in 0.00 ms.
Unloading 1708 Unused Serialized files (Serialized files now loaded: 0)
System memory in use before: 73.5 MB.
System memory in use after: 73.6 MB.

Unloading 5 unused Assets to reduce memory usage. Loaded Objects now: 2232.
Total: 1.487800 ms (FindLiveObjects: 0.275500 ms CreateObjectMapping: 0.061100 ms MarkObjects: 1.127500 ms  DeleteObjects: 0.023000 ms)

========================================================================
Received Import Request.
  Time since last request: 69.236844 seconds.
  path: Assets/ToDoList/Scripts/UI/UITodoList/UITodoItem.cs
  artifactKey: Guid(066b8e92474b8c84d857e01759d86873) Importer(815301076,1909f56bfc062723c751e8b465ee728b)
Start importing Assets/ToDoList/Scripts/UI/UITodoList/UITodoItem.cs using Guid(066b8e92474b8c84d857e01759d86873) Importer(815301076,1909f56bfc062723c751e8b465ee728b)  -> (artifact id: 'a18465bc458ed892180de8d4adb9bc88') in 0.006384 seconds
  Import took 0.009853 seconds .

========================================================================
Received Import Request.
  Time since last request: 12.659529 seconds.
  path: Assets/ToDoList/UIPrefab/UITodoItem.prefab
  artifactKey: Guid(23fba1c0437b88b44aad8e1b0412ee42) Importer(815301076,1909f56bfc062723c751e8b465ee728b)
Start importing Assets/ToDoList/UIPrefab/UITodoItem.prefab using Guid(23fba1c0437b88b44aad8e1b0412ee42) Importer(815301076,1909f56bfc062723c751e8b465ee728b)  -> (artifact id: '3133f7b7943ccf913c2108a2b5047799') in 0.027690 seconds
  Import took 0.029722 seconds .

========================================================================
Received Import Request.
  Time since last request: 96.469071 seconds.
  path: Assets/ToDoList/UIPrefab/UITodoList.prefab
  artifactKey: Guid(20d1d82172994ba4ebe0fd38f48715eb) Importer(815301076,1909f56bfc062723c751e8b465ee728b)
Start importing Assets/ToDoList/UIPrefab/UITodoList.prefab using Guid(20d1d82172994ba4ebe0fd38f48715eb) Importer(815301076,1909f56bfc062723c751e8b465ee728b)  -> (artifact id: 'e3708c57d52f0b6a5f02e25e3be125e4') in 0.010991 seconds
  Import took 0.013217 seconds .

========================================================================
Received Import Request.
  Time since last request: 70.771559 seconds.
  path: Assets/ToDoList/UIPrefab/UITodoList.prefab
  artifactKey: Guid(20d1d82172994ba4ebe0fd38f48715eb) Importer(815301076,1909f56bfc062723c751e8b465ee728b)
Start importing Assets/ToDoList/UIPrefab/UITodoList.prefab using Guid(20d1d82172994ba4ebe0fd38f48715eb) Importer(815301076,1909f56bfc062723c751e8b465ee728b)  -> (artifact id: '61d3edffbf4addd243d722902b16c404') in 0.003178 seconds
  Import took 0.005352 seconds .

========================================================================
Received Prepare
Registering precompiled user dll's ...
Registered in 0.000692 seconds.
Begin MonoManager ReloadAssembly
Native extension for WindowsStandalone target not found
Refreshing native plugins compatible for Editor in 0.23 ms, found 0 plugins.
Preloading 0 native plugins for Editor in 0.00 ms.
Invoked RoslynAnalysisRunner static constructor.
RoslynAnalysisRunner will not be running.
RoslynAnalysisRunner has terminated.
Mono: successfully reloaded assembly
- Completed reload, in  0.482 seconds
Platform modules already initialized, skipping
Refreshing native plugins compatible for Editor in 0.24 ms, found 0 plugins.
Preloading 0 native plugins for Editor in 0.00 ms.
Unloading 1708 Unused Serialized files (Serialized files now loaded: 0)
System memory in use before: 73.5 MB.
System memory in use after: 73.6 MB.

Unloading 10 unused Assets to reduce memory usage. Loaded Objects now: 2234.
Total: 1.138300 ms (FindLiveObjects: 0.163700 ms CreateObjectMapping: 0.036400 ms MarkObjects: 0.918600 ms  DeleteObjects: 0.018600 ms)

========================================================================
Received Import Request.
  Time since last request: 8.571254 seconds.
  path: Assets/ToDoList/UIPrefab/UITodoList.prefab
  artifactKey: Guid(20d1d82172994ba4ebe0fd38f48715eb) Importer(815301076,1909f56bfc062723c751e8b465ee728b)
Start importing Assets/ToDoList/UIPrefab/UITodoList.prefab using Guid(20d1d82172994ba4ebe0fd38f48715eb) Importer(815301076,1909f56bfc062723c751e8b465ee728b)  -> (artifact id: '4ebaf00e65e6770ce4f0bff3e8a0c4ed') in 0.036259 seconds
  Import took 0.038419 seconds .

========================================================================
Received Import Request.
  Time since last request: 0.023544 seconds.
  path: Assets/ToDoList/UIPrefab/UITodoList.prefab
  artifactKey: Guid(20d1d82172994ba4ebe0fd38f48715eb) Importer(815301076,1909f56bfc062723c751e8b465ee728b)
Start importing Assets/ToDoList/UIPrefab/UITodoList.prefab using Guid(20d1d82172994ba4ebe0fd38f48715eb) Importer(815301076,1909f56bfc062723c751e8b465ee728b)  -> (artifact id: '4ebaf00e65e6770ce4f0bff3e8a0c4ed') in 0.003221 seconds
  Import took 0.005418 seconds .

========================================================================
Received Prepare
Registering precompiled user dll's ...
Registered in 0.000756 seconds.
Begin MonoManager ReloadAssembly
Native extension for WindowsStandalone target not found
Refreshing native plugins compatible for Editor in 0.21 ms, found 0 plugins.
Preloading 0 native plugins for Editor in 0.00 ms.
Invoked RoslynAnalysisRunner static constructor.
RoslynAnalysisRunner will not be running.
RoslynAnalysisRunner has terminated.
Mono: successfully reloaded assembly
- Completed reload, in  0.501 seconds
Platform modules already initialized, skipping
Refreshing native plugins compatible for Editor in 0.22 ms, found 0 plugins.
Preloading 0 native plugins for Editor in 0.00 ms.
Unloading 1708 Unused Serialized files (Serialized files now loaded: 0)
System memory in use before: 73.6 MB.
System memory in use after: 73.7 MB.

Unloading 10 unused Assets to reduce memory usage. Loaded Objects now: 2236.
Total: 1.492300 ms (FindLiveObjects: 0.150700 ms CreateObjectMapping: 0.070100 ms MarkObjects: 1.250900 ms  DeleteObjects: 0.019900 ms)

========================================================================
Received Prepare
Registering precompiled user dll's ...
Registered in 0.000638 seconds.
Begin MonoManager ReloadAssembly
Native extension for WindowsStandalone target not found
Refreshing native plugins compatible for Editor in 0.21 ms, found 0 plugins.
Preloading 0 native plugins for Editor in 0.00 ms.
Invoked RoslynAnalysisRunner static constructor.
RoslynAnalysisRunner will not be running.
RoslynAnalysisRunner has terminated.
Mono: successfully reloaded assembly
- Completed reload, in  0.459 seconds
Platform modules already initialized, skipping
Refreshing native plugins compatible for Editor in 0.21 ms, found 0 plugins.
Preloading 0 native plugins for Editor in 0.00 ms.
Unloading 1708 Unused Serialized files (Serialized files now loaded: 0)
System memory in use before: 73.6 MB.
System memory in use after: 73.7 MB.

Unloading 5 unused Assets to reduce memory usage. Loaded Objects now: 2238.
Total: 1.638600 ms (FindLiveObjects: 0.209500 ms CreateObjectMapping: 0.053000 ms MarkObjects: 1.359900 ms  DeleteObjects: 0.015300 ms)

========================================================================
Received Prepare
Registering precompiled user dll's ...
Registered in 0.000679 seconds.
Begin MonoManager ReloadAssembly
Native extension for WindowsStandalone target not found
Refreshing native plugins compatible for Editor in 0.29 ms, found 0 plugins.
Preloading 0 native plugins for Editor in 0.00 ms.
Invoked RoslynAnalysisRunner static constructor.
RoslynAnalysisRunner will not be running.
RoslynAnalysisRunner has terminated.
Mono: successfully reloaded assembly
- Completed reload, in  0.516 seconds
Platform modules already initialized, skipping
Refreshing native plugins compatible for Editor in 0.21 ms, found 0 plugins.
Preloading 0 native plugins for Editor in 0.00 ms.
Unloading 1708 Unused Serialized files (Serialized files now loaded: 0)
System memory in use before: 73.6 MB.
System memory in use after: 73.7 MB.

Unloading 5 unused Assets to reduce memory usage. Loaded Objects now: 2240.
Total: 1.259600 ms (FindLiveObjects: 0.115300 ms CreateObjectMapping: 0.033400 ms MarkObjects: 1.100600 ms  DeleteObjects: 0.009800 ms)

========================================================================
Received Prepare
Registering precompiled user dll's ...
Registered in 0.000615 seconds.
Begin MonoManager ReloadAssembly
Native extension for WindowsStandalone target not found
Refreshing native plugins compatible for Editor in 0.21 ms, found 0 plugins.
Preloading 0 native plugins for Editor in 0.00 ms.
Invoked RoslynAnalysisRunner static constructor.
RoslynAnalysisRunner will not be running.
RoslynAnalysisRunner has terminated.
Mono: successfully reloaded assembly
- Completed reload, in  0.469 seconds
Platform modules already initialized, skipping
Refreshing native plugins compatible for Editor in 0.21 ms, found 0 plugins.
Preloading 0 native plugins for Editor in 0.00 ms.
Unloading 1708 Unused Serialized files (Serialized files now loaded: 0)
System memory in use before: 73.6 MB.
System memory in use after: 73.7 MB.

Unloading 5 unused Assets to reduce memory usage. Loaded Objects now: 2242.
Total: 2.090700 ms (FindLiveObjects: 0.190100 ms CreateObjectMapping: 0.070600 ms MarkObjects: 1.809400 ms  DeleteObjects: 0.019300 ms)

========================================================================
Received Prepare
Registering precompiled user dll's ...
Registered in 0.000757 seconds.
Begin MonoManager ReloadAssembly
Native extension for WindowsStandalone target not found
Refreshing native plugins compatible for Editor in 0.22 ms, found 0 plugins.
Preloading 0 native plugins for Editor in 0.00 ms.
Invoked RoslynAnalysisRunner static constructor.
RoslynAnalysisRunner will not be running.
RoslynAnalysisRunner has terminated.
Mono: successfully reloaded assembly
- Completed reload, in  0.536 seconds
Platform modules already initialized, skipping
Refreshing native plugins compatible for Editor in 0.21 ms, found 0 plugins.
Preloading 0 native plugins for Editor in 0.00 ms.
Unloading 1708 Unused Serialized files (Serialized files now loaded: 0)
System memory in use before: 73.6 MB.
System memory in use after: 73.8 MB.

Unloading 5 unused Assets to reduce memory usage. Loaded Objects now: 2244.
Total: 1.270700 ms (FindLiveObjects: 0.105900 ms CreateObjectMapping: 0.035600 ms MarkObjects: 1.118000 ms  DeleteObjects: 0.010600 ms)

========================================================================
Received Prepare
Registering precompiled user dll's ...
Registered in 0.000666 seconds.
Begin MonoManager ReloadAssembly
Native extension for WindowsStandalone target not found
Refreshing native plugins compatible for Editor in 0.21 ms, found 0 plugins.
Preloading 0 native plugins for Editor in 0.00 ms.
Invoked RoslynAnalysisRunner static constructor.
RoslynAnalysisRunner will not be running.
RoslynAnalysisRunner has terminated.
Mono: successfully reloaded assembly
- Completed reload, in  0.465 seconds
Platform modules already initialized, skipping
Refreshing native plugins compatible for Editor in 0.22 ms, found 0 plugins.
Preloading 0 native plugins for Editor in 0.00 ms.
Unloading 1708 Unused Serialized files (Serialized files now loaded: 0)
System memory in use before: 73.6 MB.
System memory in use after: 73.8 MB.

Unloading 5 unused Assets to reduce memory usage. Loaded Objects now: 2246.
Total: 1.474300 ms (FindLiveObjects: 0.114600 ms CreateObjectMapping: 0.034400 ms MarkObjects: 1.312300 ms  DeleteObjects: 0.012400 ms)

========================================================================
Received Prepare
Registering precompiled user dll's ...
Registered in 0.000751 seconds.
Begin MonoManager ReloadAssembly
Native extension for WindowsStandalone target not found
Refreshing native plugins compatible for Editor in 0.21 ms, found 0 plugins.
Preloading 0 native plugins for Editor in 0.00 ms.
Invoked RoslynAnalysisRunner static constructor.
RoslynAnalysisRunner will not be running.
RoslynAnalysisRunner has terminated.
Mono: successfully reloaded assembly
- Completed reload, in  0.505 seconds
Platform modules already initialized, skipping
Refreshing native plugins compatible for Editor in 0.30 ms, found 0 plugins.
Preloading 0 native plugins for Editor in 0.00 ms.
Unloading 1708 Unused Serialized files (Serialized files now loaded: 0)
System memory in use before: 73.6 MB.
System memory in use after: 73.8 MB.

Unloading 5 unused Assets to reduce memory usage. Loaded Objects now: 2248.
Total: 1.529400 ms (FindLiveObjects: 0.190300 ms CreateObjectMapping: 0.059400 ms MarkObjects: 1.267800 ms  DeleteObjects: 0.011200 ms)

========================================================================
Received Prepare
Registering precompiled user dll's ...
Registered in 0.000648 seconds.
Begin MonoManager ReloadAssembly
Native extension for WindowsStandalone target not found
Refreshing native plugins compatible for Editor in 0.21 ms, found 0 plugins.
Preloading 0 native plugins for Editor in 0.00 ms.
Invoked RoslynAnalysisRunner static constructor.
RoslynAnalysisRunner will not be running.
RoslynAnalysisRunner has terminated.
Mono: successfully reloaded assembly
- Completed reload, in  0.480 seconds
Platform modules already initialized, skipping
Refreshing native plugins compatible for Editor in 0.22 ms, found 0 plugins.
Preloading 0 native plugins for Editor in 0.00 ms.
Unloading 1708 Unused Serialized files (Serialized files now loaded: 0)
System memory in use before: 73.6 MB.
System memory in use after: 73.8 MB.

Unloading 5 unused Assets to reduce memory usage. Loaded Objects now: 2250.
Total: 1.470200 ms (FindLiveObjects: 0.156100 ms CreateObjectMapping: 0.044400 ms MarkObjects: 1.257800 ms  DeleteObjects: 0.011200 ms)

========================================================================
Received Prepare
Registering precompiled user dll's ...
Registered in 0.000659 seconds.
Begin MonoManager ReloadAssembly
Native extension for WindowsStandalone target not found
Refreshing native plugins compatible for Editor in 0.21 ms, found 0 plugins.
Preloading 0 native plugins for Editor in 0.00 ms.
Invoked RoslynAnalysisRunner static constructor.
RoslynAnalysisRunner will not be running.
RoslynAnalysisRunner has terminated.
Mono: successfully reloaded assembly
- Completed reload, in  0.469 seconds
Platform modules already initialized, skipping
Refreshing native plugins compatible for Editor in 0.22 ms, found 0 plugins.
Preloading 0 native plugins for Editor in 0.00 ms.
Unloading 1708 Unused Serialized files (Serialized files now loaded: 0)
System memory in use before: 73.7 MB.
System memory in use after: 73.8 MB.

Unloading 5 unused Assets to reduce memory usage. Loaded Objects now: 2252.
Total: 1.382800 ms (FindLiveObjects: 0.126900 ms CreateObjectMapping: 0.034500 ms MarkObjects: 1.209800 ms  DeleteObjects: 0.010600 ms)

AssetImportWorkerClient::OnTransportError - code=2 error=End of file
